TN:
SF:src\apis\account.api.js
FN:8,(anonymous_0)
FN:15,(anonymous_1)
FN:17,(anonymous_2)
FN:25,(anonymous_3)
FN:55,(anonymous_4)
FN:59,(anonymous_5)
FN:67,(anonymous_6)
FN:75,(anonymous_7)
FNF:8
FNH:0
FNDA:0,(anonymous_0)
FNDA:0,(anonymous_1)
FNDA:0,(anonymous_2)
FNDA:0,(anonymous_3)
FNDA:0,(anonymous_4)
FNDA:0,(anonymous_5)
FNDA:0,(anonymous_6)
FNDA:0,(anonymous_7)
DA:4,0
DA:9,0
DA:10,0
DA:11,0
DA:15,0
DA:17,0
DA:36,0
DA:55,0
DA:59,0
DA:67,0
DA:75,0
DA:91,0
LF:12
LH:0
BRDA:10,0,0,0
BRDA:10,0,1,0
BRF:2
BRH:0
end_of_record
TN:
SF:src\apis\brand.api.js
FN:8,(anonymous_0)
FN:15,(anonymous_1)
FN:17,(anonymous_2)
FN:21,(anonymous_3)
FN:22,(anonymous_4)
FN:25,(anonymous_5)
FN:33,(anonymous_6)
FN:41,(anonymous_7)
FNF:8
FNH:0
FNDA:0,(anonymous_0)
FNDA:0,(anonymous_1)
FNDA:0,(anonymous_2)
FNDA:0,(anonymous_3)
FNDA:0,(anonymous_4)
FNDA:0,(anonymous_5)
FNDA:0,(anonymous_6)
FNDA:0,(anonymous_7)
DA:4,0
DA:9,0
DA:10,0
DA:11,0
DA:15,0
DA:17,0
DA:21,0
DA:22,0
DA:25,0
DA:33,0
DA:41,0
DA:56,0
LF:12
LH:0
BRDA:10,0,0,0
BRDA:10,0,1,0
BRF:2
BRH:0
end_of_record
TN:
SF:src\apis\category.api.js
FN:8,(anonymous_0)
FN:15,(anonymous_1)
FN:17,(anonymous_2)
FN:21,(anonymous_3)
FN:22,(anonymous_4)
FN:25,(anonymous_5)
FN:33,(anonymous_6)
FN:41,(anonymous_7)
FNF:8
FNH:0
FNDA:0,(anonymous_0)
FNDA:0,(anonymous_1)
FNDA:0,(anonymous_2)
FNDA:0,(anonymous_3)
FNDA:0,(anonymous_4)
FNDA:0,(anonymous_5)
FNDA:0,(anonymous_6)
FNDA:0,(anonymous_7)
DA:4,0
DA:9,0
DA:10,0
DA:11,0
DA:15,0
DA:17,0
DA:21,0
DA:22,0
DA:25,0
DA:33,0
DA:41,0
DA:56,0
LF:12
LH:0
BRDA:10,0,0,0
BRDA:10,0,1,0
BRF:2
BRH:0
end_of_record
TN:
SF:src\apis\chat.api.js
FN:8,(anonymous_0)
FN:15,(anonymous_1)
FN:17,(anonymous_2)
FN:21,(anonymous_3)
FN:22,(anonymous_4)
FN:25,(anonymous_5)
FN:33,(anonymous_6)
FN:41,(anonymous_7)
FN:49,(anonymous_8)
FNF:9
FNH:0
FNDA:0,(anonymous_0)
FNDA:0,(anonymous_1)
FNDA:0,(anonymous_2)
FNDA:0,(anonymous_3)
FNDA:0,(anonymous_4)
FNDA:0,(anonymous_5)
FNDA:0,(anonymous_6)
FNDA:0,(anonymous_7)
FNDA:0,(anonymous_8)
DA:4,0
DA:9,0
DA:10,0
DA:11,0
DA:15,0
DA:17,0
DA:21,0
DA:22,0
DA:25,0
DA:33,0
DA:41,0
DA:49,0
DA:64,0
LF:13
LH:0
BRDA:10,0,0,0
BRDA:10,0,1,0
BRF:2
BRH:0
end_of_record
TN:
SF:src\apis\comment.api.js
FN:8,(anonymous_0)
FN:10,(anonymous_1)
FN:14,(anonymous_2)
FN:15,(anonymous_3)
FN:18,(anonymous_4)
FN:26,(anonymous_5)
FN:34,(anonymous_6)
FNF:7
FNH:0
FNDA:0,(anonymous_0)
FNDA:0,(anonymous_1)
FNDA:0,(anonymous_2)
FNDA:0,(anonymous_3)
FNDA:0,(anonymous_4)
FNDA:0,(anonymous_5)
FNDA:0,(anonymous_6)
DA:4,0
DA:8,0
DA:10,0
DA:14,0
DA:15,0
DA:18,0
DA:26,0
DA:34,0
DA:48,0
LF:9
LH:0
BRF:0
BRH:0
end_of_record
TN:
SF:src\apis\import_product.api.js
FN:8,(anonymous_0)
FN:15,(anonymous_1)
FN:17,(anonymous_2)
FN:21,(anonymous_3)
FN:22,(anonymous_4)
FN:25,(anonymous_5)
FN:75,(anonymous_6)
FN:132,(anonymous_7)
FN:139,(anonymous_8)
FN:142,(anonymous_9)
FN:145,(anonymous_10)
FNF:11
FNH:0
FNDA:0,(anonymous_0)
FNDA:0,(anonymous_1)
FNDA:0,(anonymous_2)
FNDA:0,(anonymous_3)
FNDA:0,(anonymous_4)
FNDA:0,(anonymous_5)
FNDA:0,(anonymous_6)
FNDA:0,(anonymous_7)
FNDA:0,(anonymous_8)
FNDA:0,(anonymous_9)
FNDA:0,(anonymous_10)
DA:4,0
DA:9,0
DA:10,0
DA:11,0
DA:15,0
DA:17,0
DA:21,0
DA:22,0
DA:46,0
DA:100,0
DA:132,0
DA:139,0
DA:142,0
DA:145,0
DA:159,0
LF:15
LH:0
BRDA:10,0,0,0
BRDA:10,0,1,0
BRDA:21,1,0,0
BRDA:21,1,1,0
BRF:4
BRH:0
end_of_record
TN:
SF:src\apis\input_on_sale.api.js
FN:8,(anonymous_0)
FN:15,(anonymous_1)
FN:17,(anonymous_2)
FN:21,(anonymous_3)
FN:22,(anonymous_4)
FN:25,(anonymous_5)
FN:33,(anonymous_6)
FN:41,(anonymous_7)
FNF:8
FNH:0
FNDA:0,(anonymous_0)
FNDA:0,(anonymous_1)
FNDA:0,(anonymous_2)
FNDA:0,(anonymous_3)
FNDA:0,(anonymous_4)
FNDA:0,(anonymous_5)
FNDA:0,(anonymous_6)
FNDA:0,(anonymous_7)
DA:4,0
DA:9,0
DA:10,0
DA:11,0
DA:15,0
DA:17,0
DA:21,0
DA:22,0
DA:25,0
DA:33,0
DA:41,0
DA:56,0
LF:12
LH:0
BRDA:10,0,0,0
BRDA:10,0,1,0
BRF:2
BRH:0
end_of_record
TN:
SF:src\apis\log.api.js
FN:8,(anonymous_0)
FN:15,(anonymous_1)
FN:17,(anonymous_2)
FNF:3
FNH:0
FNDA:0,(anonymous_0)
FNDA:0,(anonymous_1)
FNDA:0,(anonymous_2)
DA:4,0
DA:9,0
DA:10,0
DA:11,0
DA:15,0
DA:17,0
DA:23,0
LF:7
LH:0
BRDA:10,0,0,0
BRDA:10,0,1,0
BRF:2
BRH:0
end_of_record
TN:
SF:src\apis\on_sale_product.api.js
FN:10,(anonymous_0)
FN:12,(anonymous_1)
FN:16,(anonymous_2)
FN:17,(anonymous_3)
FNF:4
FNH:0
FNDA:0,(anonymous_0)
FNDA:0,(anonymous_1)
FNDA:0,(anonymous_2)
FNDA:0,(anonymous_3)
DA:4,0
DA:10,0
DA:12,0
DA:16,0
DA:17,0
DA:22,0
LF:6
LH:0
BRF:0
BRH:0
end_of_record
TN:
SF:src\apis\order.api.js
FN:8,(anonymous_0)
FN:15,(anonymous_1)
FN:17,(anonymous_2)
FN:21,(anonymous_3)
FN:25,(anonymous_4)
FN:29,(anonymous_5)
FN:37,(anonymous_6)
FNF:7
FNH:0
FNDA:0,(anonymous_0)
FNDA:0,(anonymous_1)
FNDA:0,(anonymous_2)
FNDA:0,(anonymous_3)
FNDA:0,(anonymous_4)
FNDA:0,(anonymous_5)
FNDA:0,(anonymous_6)
DA:4,0
DA:9,0
DA:10,0
DA:11,0
DA:15,0
DA:17,0
DA:21,0
DA:25,0
DA:29,0
DA:37,0
DA:52,0
LF:11
LH:0
BRDA:10,0,0,0
BRDA:10,0,1,0
BRF:2
BRH:0
end_of_record
TN:
SF:src\apis\order_item.api.js
FN:10,(anonymous_0)
FN:12,(anonymous_1)
FN:16,(anonymous_2)
FN:17,(anonymous_3)
FN:20,(anonymous_4)
FN:21,(anonymous_5)
FN:24,(anonymous_6)
FN:36,(anonymous_7)
FN:44,(anonymous_8)
FNF:9
FNH:0
FNDA:0,(anonymous_0)
FNDA:0,(anonymous_1)
FNDA:0,(anonymous_2)
FNDA:0,(anonymous_3)
FNDA:0,(anonymous_4)
FNDA:0,(anonymous_5)
FNDA:0,(anonymous_6)
FNDA:0,(anonymous_7)
FNDA:0,(anonymous_8)
DA:4,0
DA:10,0
DA:12,0
DA:16,0
DA:17,0
DA:20,0
DA:21,0
DA:24,0
DA:36,0
DA:44,0
DA:60,0
LF:11
LH:0
BRF:0
BRH:0
end_of_record
TN:
SF:src\apis\product.api.js
FN:8,(anonymous_0)
FN:10,(anonymous_1)
FN:14,(anonymous_2)
FN:15,(anonymous_3)
FN:18,(anonymous_4)
FN:30,(anonymous_5)
FN:42,(anonymous_6)
FNF:7
FNH:0
FNDA:0,(anonymous_0)
FNDA:0,(anonymous_1)
FNDA:0,(anonymous_2)
FNDA:0,(anonymous_3)
FNDA:0,(anonymous_4)
FNDA:0,(anonymous_5)
FNDA:0,(anonymous_6)
DA:4,0
DA:8,0
DA:10,0
DA:14,0
DA:15,0
DA:18,0
DA:30,0
DA:42,0
DA:60,0
LF:9
LH:0
BRF:0
BRH:0
end_of_record
TN:
SF:src\apis\statistic.api.js
FN:8,(anonymous_0)
FN:15,(anonymous_1)
FN:17,(anonymous_2)
FNF:3
FNH:0
FNDA:0,(anonymous_0)
FNDA:0,(anonymous_1)
FNDA:0,(anonymous_2)
DA:4,0
DA:9,0
DA:10,0
DA:11,0
DA:15,0
DA:17,0
DA:23,0
LF:7
LH:0
BRDA:10,0,0,0
BRDA:10,0,1,0
BRF:2
BRH:0
end_of_record
TN:
SF:src\apis\user.api.js
FN:8,(anonymous_0)
FN:15,(anonymous_1)
FN:17,(anonymous_2)
FN:21,(anonymous_3)
FN:28,(anonymous_4)
FN:32,(anonymous_5)
FN:40,(anonymous_6)
FNF:7
FNH:0
FNDA:0,(anonymous_0)
FNDA:0,(anonymous_1)
FNDA:0,(anonymous_2)
FNDA:0,(anonymous_3)
FNDA:0,(anonymous_4)
FNDA:0,(anonymous_5)
FNDA:0,(anonymous_6)
DA:4,0
DA:9,0
DA:10,0
DA:11,0
DA:15,0
DA:17,0
DA:21,0
DA:28,0
DA:32,0
DA:40,0
DA:56,0
LF:11
LH:0
BRDA:10,0,0,0
BRDA:10,0,1,0
BRF:2
BRH:0
end_of_record
TN:
SF:src\apis\voucher.api.js
FN:8,(anonymous_0)
FN:15,(anonymous_1)
FN:17,(anonymous_2)
FN:21,(anonymous_3)
FN:22,(anonymous_4)
FN:25,(anonymous_5)
FN:26,(anonymous_6)
FN:29,(anonymous_7)
FN:33,(anonymous_8)
FN:41,(anonymous_9)
FN:49,(anonymous_10)
FNF:11
FNH:0
FNDA:0,(anonymous_0)
FNDA:0,(anonymous_1)
FNDA:0,(anonymous_2)
FNDA:0,(anonymous_3)
FNDA:0,(anonymous_4)
FNDA:0,(anonymous_5)
FNDA:0,(anonymous_6)
FNDA:0,(anonymous_7)
FNDA:0,(anonymous_8)
FNDA:0,(anonymous_9)
FNDA:0,(anonymous_10)
DA:4,0
DA:9,0
DA:10,0
DA:11,0
DA:15,0
DA:17,0
DA:21,0
DA:22,0
DA:25,0
DA:26,0
DA:29,0
DA:33,0
DA:41,0
DA:49,0
DA:66,0
LF:15
LH:0
BRDA:10,0,0,0
BRDA:10,0,1,0
BRF:2
BRH:0
end_of_record
TN:
SF:src\apps\App.jsx
FN:6,(anonymous_0)
FN:7,(anonymous_1)
FN:8,(anonymous_2)
FN:9,(anonymous_3)
FN:10,(anonymous_4)
FN:11,(anonymous_5)
FN:12,(anonymous_6)
FN:13,(anonymous_7)
FN:14,(anonymous_8)
FN:15,(anonymous_9)
FN:16,(anonymous_10)
FN:17,(anonymous_11)
FN:18,(anonymous_12)
FN:19,(anonymous_13)
FN:20,(anonymous_14)
FN:21,(anonymous_15)
FN:22,(anonymous_16)
FN:23,(anonymous_17)
FN:27,(anonymous_18)
FN:28,(anonymous_19)
FN:32,(anonymous_20)
FN:33,(anonymous_21)
FN:37,(anonymous_22)
FN:38,(anonymous_23)
FN:42,(anonymous_24)
FN:43,(anonymous_25)
FN:48,(anonymous_26)
FN:54,(anonymous_27)
FN:60,(anonymous_28)
FNF:29
FNH:0
FNDA:0,(anonymous_0)
FNDA:0,(anonymous_1)
FNDA:0,(anonymous_2)
FNDA:0,(anonymous_3)
FNDA:0,(anonymous_4)
FNDA:0,(anonymous_5)
FNDA:0,(anonymous_6)
FNDA:0,(anonymous_7)
FNDA:0,(anonymous_8)
FNDA:0,(anonymous_9)
FNDA:0,(anonymous_10)
FNDA:0,(anonymous_11)
FNDA:0,(anonymous_12)
FNDA:0,(anonymous_13)
FNDA:0,(anonymous_14)
FNDA:0,(anonymous_15)
FNDA:0,(anonymous_16)
FNDA:0,(anonymous_17)
FNDA:0,(anonymous_18)
FNDA:0,(anonymous_19)
FNDA:0,(anonymous_20)
FNDA:0,(anonymous_21)
FNDA:0,(anonymous_22)
FNDA:0,(anonymous_23)
FNDA:0,(anonymous_24)
FNDA:0,(anonymous_25)
FNDA:0,(anonymous_26)
FNDA:0,(anonymous_27)
FNDA:0,(anonymous_28)
DA:6,0
DA:7,0
DA:8,0
DA:9,0
DA:10,0
DA:11,0
DA:12,0
DA:13,0
DA:14,0
DA:15,0
DA:16,0
DA:17,0
DA:18,0
DA:19,0
DA:20,0
DA:21,0
DA:22,0
DA:23,0
DA:24,0
DA:27,0
DA:28,0
DA:29,0
DA:32,0
DA:33,0
DA:34,0
DA:37,0
DA:38,0
DA:39,0
DA:42,0
DA:43,0
DA:44,0
DA:48,0
DA:49,0
DA:54,0
DA:55,0
DA:60,0
DA:61,0
LF:37
LH:0
BRF:0
BRH:0
end_of_record
TN:
SF:src\apps\reduxPerformance.middleware.js
FN:8,(anonymous_0)
FNF:1
FNH:0
FNDA:0,(anonymous_0)
DA:4,0
DA:6,0
DA:9,0
LF:3
LH:0
BRDA:12,0,0,0
BRDA:12,0,1,0
BRF:2
BRH:0
end_of_record
TN:
SF:src\apps\store.js
FN:78,(anonymous_0)
FN:80,(anonymous_1)
FN:87,(anonymous_2)
FN:95,(anonymous_3)
FNF:4
FNH:0
FNDA:0,(anonymous_0)
FNDA:0,(anonymous_1)
FNDA:0,(anonymous_2)
FNDA:0,(anonymous_3)
DA:37,0
DA:55,0
DA:78,0
DA:81,0
DA:87,0
DA:96,0
DA:99,0
LF:7
LH:0
BRDA:88,0,0,0
BRDA:88,0,1,0
BRF:2
BRH:0
end_of_record
TN:
SF:src\assets\Icon2.jsx
FN:2,(anonymous_0)
FNF:1
FNH:0
FNDA:0,(anonymous_0)
DA:2,0
DA:3,0
LF:2
LH:0
BRF:0
BRH:0
end_of_record
TN:
SF:src\assets\error_icon.asset.jsx
FN:2,IconError
FNF:1
FNH:0
FNDA:0,IconError
DA:3,0
LF:1
LH:0
BRF:0
BRH:0
end_of_record
TN:
SF:src\assets\login_icon.asset.jsx
FN:2,(anonymous_0)
FNF:1
FNH:0
FNDA:0,(anonymous_0)
DA:2,0
DA:3,0
LF:2
LH:0
BRF:0
BRH:0
end_of_record
TN:
SF:src\components\country_select.component.jsx
FN:5,CountrySelect
FN:11,(anonymous_1)
FN:12,(anonymous_2)
FN:32,(anonymous_3)
FNF:4
FNH:0
FNDA:0,CountrySelect
FNDA:0,(anonymous_1)
FNDA:0,(anonymous_2)
FNDA:0,(anonymous_3)
DA:6,0
DA:11,0
DA:13,0
DA:14,0
DA:33,0
DA:47,0
LF:6
LH:0
BRF:0
BRH:0
end_of_record
TN:
SF:src\components\upload_image.component.jsx
FN:1,(anonymous_0)
FN:2,(anonymous_1)
FNF:2
FNH:0
FNDA:0,(anonymous_0)
FNDA:0,(anonymous_1)
DA:1,0
DA:2,0
DA:3,0
DA:4,0
DA:5,0
DA:6,0
DA:7,0
DA:9,0
DA:14,0
DA:15,0
DA:16,0
DA:19,0
LF:12
LH:0
BRF:0
BRH:0
end_of_record
TN:
SF:src\components\admin\analytic.component.jsx
FN:13,(anonymous_0)
FN:19,(anonymous_1)
FNF:2
FNH:0
FNDA:0,(anonymous_0)
FNDA:0,(anonymous_1)
DA:13,0
DA:14,0
DA:15,0
DA:16,0
DA:18,0
DA:19,0
DA:26,0
DA:43,0
DA:51,0
LF:9
LH:0
BRDA:15,0,0,0
BRDA:15,0,1,0
BRDA:16,1,0,0
BRDA:16,1,1,0
BRDA:16,2,0,0
BRDA:16,2,1,0
BRF:6
BRH:0
end_of_record
TN:
SF:src\components\admin\brand.component.jsx
FN:26,(anonymous_0)
FN:28,(anonymous_1)
FN:35,(anonymous_2)
FN:37,(anonymous_3)
FN:38,(anonymous_4)
FN:42,(anonymous_5)
FN:46,(anonymous_6)
FN:50,(anonymous_7)
FN:54,(anonymous_8)
FN:64,(anonymous_9)
FN:72,(anonymous_10)
FN:74,(anonymous_11)
FN:81,(anonymous_12)
FN:88,(anonymous_13)
FN:120,(anonymous_14)
FN:129,(anonymous_15)
FN:161,(anonymous_16)
FN:177,(anonymous_17)
FN:215,(anonymous_18)
FN:231,(anonymous_19)
FNF:20
FNH:0
FNDA:0,(anonymous_0)
FNDA:0,(anonymous_1)
FNDA:0,(anonymous_2)
FNDA:0,(anonymous_3)
FNDA:0,(anonymous_4)
FNDA:0,(anonymous_5)
FNDA:0,(anonymous_6)
FNDA:0,(anonymous_7)
FNDA:0,(anonymous_8)
FNDA:0,(anonymous_9)
FNDA:0,(anonymous_10)
FNDA:0,(anonymous_11)
FNDA:0,(anonymous_12)
FNDA:0,(anonymous_13)
FNDA:0,(anonymous_14)
FNDA:0,(anonymous_15)
FNDA:0,(anonymous_16)
FNDA:0,(anonymous_17)
FNDA:0,(anonymous_18)
FNDA:0,(anonymous_19)
DA:26,0
DA:27,0
DA:28,0
DA:29,0
DA:30,0
DA:31,0
DA:32,0
DA:34,0
DA:35,0
DA:36,0
DA:37,0
DA:38,0
DA:41,0
DA:42,0
DA:44,0
DA:45,0
DA:46,0
DA:47,0
DA:48,0
DA:51,0
DA:55,0
DA:56,0
DA:57,0
DA:61,0
DA:72,0
DA:73,0
DA:74,0
DA:78,0
DA:80,0
DA:81,0
DA:82,0
DA:83,0
DA:84,0
DA:85,0
DA:89,0
DA:93,0
DA:99,0
DA:100,0
DA:101,0
DA:120,0
DA:129,0
DA:161,0
DA:177,0
DA:215,0
DA:231,0
LF:45
LH:0
BRDA:36,0,0,0
BRDA:36,0,1,0
BRDA:84,1,0,0
BRDA:84,1,1,0
BRDA:99,2,0,0
BRDA:99,2,1,0
BRDA:100,3,0,0
BRDA:100,3,1,0
BRDA:106,4,0,0
BRDA:106,4,1,0
BRDA:118,5,0,0
BRDA:118,5,1,0
BRDA:120,6,0,0
BRDA:120,6,1,0
BRDA:127,7,0,0
BRDA:127,7,1,0
BRDA:129,8,0,0
BRDA:129,8,1,0
BRDA:193,9,0,0
BRDA:193,9,1,0
BRDA:238,10,0,0
BRDA:238,10,1,0
BRF:22
BRH:0
end_of_record
TN:
SF:src\components\admin\category.component.jsx
FN:26,(anonymous_0)
FN:28,(anonymous_1)
FN:34,(anonymous_2)
FN:41,(anonymous_3)
FN:43,(anonymous_4)
FN:44,(anonymous_5)
FN:47,(anonymous_6)
FN:51,(anonymous_7)
FN:55,(anonymous_8)
FN:63,(anonymous_9)
FN:71,(anonymous_10)
FN:73,(anonymous_11)
FN:80,(anonymous_12)
FN:87,(anonymous_13)
FN:144,(anonymous_14)
FN:160,(anonymous_15)
FN:199,(anonymous_16)
FN:215,(anonymous_17)
FNF:18
FNH:0
FNDA:0,(anonymous_0)
FNDA:0,(anonymous_1)
FNDA:0,(anonymous_2)
FNDA:0,(anonymous_3)
FNDA:0,(anonymous_4)
FNDA:0,(anonymous_5)
FNDA:0,(anonymous_6)
FNDA:0,(anonymous_7)
FNDA:0,(anonymous_8)
FNDA:0,(anonymous_9)
FNDA:0,(anonymous_10)
FNDA:0,(anonymous_11)
FNDA:0,(anonymous_12)
FNDA:0,(anonymous_13)
FNDA:0,(anonymous_14)
FNDA:0,(anonymous_15)
FNDA:0,(anonymous_16)
FNDA:0,(anonymous_17)
DA:26,0
DA:27,0
DA:28,0
DA:29,0
DA:30,0
DA:31,0
DA:32,0
DA:33,0
DA:34,0
DA:36,0
DA:37,0
DA:38,0
DA:39,0
DA:41,0
DA:42,0
DA:43,0
DA:44,0
DA:47,0
DA:48,0
DA:49,0
DA:52,0
DA:56,0
DA:60,0
DA:71,0
DA:72,0
DA:73,0
DA:77,0
DA:80,0
DA:81,0
DA:82,0
DA:83,0
DA:84,0
DA:88,0
DA:92,0
DA:98,0
DA:99,0
DA:100,0
DA:144,0
DA:160,0
DA:199,0
DA:215,0
LF:41
LH:0
BRDA:42,0,0,0
BRDA:42,0,1,0
BRDA:83,1,0,0
BRDA:83,1,1,0
BRDA:98,2,0,0
BRDA:98,2,1,0
BRDA:99,3,0,0
BRDA:99,3,1,0
BRDA:105,4,0,0
BRDA:105,4,1,0
BRDA:117,5,0,0
BRDA:117,5,1,0
BRDA:117,5,2,0
BRDA:126,6,0,0
BRDA:126,6,1,0
BRDA:126,6,2,0
BRDA:222,7,0,0
BRDA:222,7,1,0
BRF:18
BRH:0
end_of_record
TN:
SF:src\components\admin\comment.component.jsx
FN:8,(anonymous_0)
FN:17,(anonymous_1)
FNF:2
FNH:0
FNDA:0,(anonymous_0)
FNDA:0,(anonymous_1)
DA:8,0
DA:9,0
DA:10,0
DA:15,0
DA:16,0
DA:17,0
DA:18,0
DA:19,0
DA:20,0
DA:22,0
DA:25,0
LF:11
LH:0
BRDA:15,0,0,0
BRDA:15,0,1,0
BRDA:16,1,0,0
BRDA:16,1,1,0
BRDA:31,2,0,0
BRDA:31,2,1,0
BRF:6
BRH:0
end_of_record
TN:
SF:src\components\admin\import_product.component.jsx
FN:75,(anonymous_0)
FN:79,(anonymous_1)
FN:109,(anonymous_2)
FN:129,(anonymous_3)
FN:131,(anonymous_4)
FN:133,(anonymous_5)
FN:135,(anonymous_6)
FN:146,(anonymous_7)
FN:172,(anonymous_8)
FN:176,(anonymous_9)
FN:204,(anonymous_10)
FN:208,(anonymous_11)
FN:238,(anonymous_12)
FN:250,(anonymous_13)
FN:251,(anonymous_14)
FN:281,(anonymous_15)
FN:284,(anonymous_16)
FN:290,(anonymous_17)
FN:301,(anonymous_18)
FN:303,(anonymous_19)
FN:328,(anonymous_20)
FN:329,(anonymous_21)
FN:357,(anonymous_22)
FN:390,(anonymous_23)
FN:416,(anonymous_24)
FN:441,(anonymous_25)
FN:466,(anonymous_26)
FN:491,(anonymous_27)
FN:518,(anonymous_28)
FN:531,(anonymous_29)
FN:544,(anonymous_30)
FN:557,(anonymous_31)
FN:570,(anonymous_32)
FN:583,(anonymous_33)
FN:596,(anonymous_34)
FN:609,(anonymous_35)
FN:612,(anonymous_36)
FN:627,(anonymous_37)
FN:641,(anonymous_38)
FN:709,(anonymous_39)
FN:770,(anonymous_40)
FN:830,(anonymous_41)
FN:890,(anonymous_42)
FN:950,(anonymous_43)
FN:971,(anonymous_44)
FN:976,(anonymous_45)
FN:992,(anonymous_46)
FN:1001,(anonymous_47)
FN:1010,(anonymous_48)
FN:1021,(anonymous_49)
FN:1039,(anonymous_50)
FN:1057,(anonymous_51)
FN:1068,(anonymous_52)
FN:1075,(anonymous_53)
FN:1082,(anonymous_54)
FN:1091,(anonymous_55)
FN:1104,(anonymous_56)
FN:1218,(anonymous_57)
FN:1279,(anonymous_58)
FN:1339,(anonymous_59)
FN:1399,(anonymous_60)
FN:1459,(anonymous_61)
FN:1480,(anonymous_62)
FN:1485,(anonymous_63)
FN:1501,(anonymous_64)
FN:1511,(anonymous_65)
FN:1521,(anonymous_66)
FN:1532,(anonymous_67)
FN:1551,(anonymous_68)
FN:1569,(anonymous_69)
FN:1580,(anonymous_70)
FN:1587,(anonymous_71)
FN:1594,(anonymous_72)
FN:1604,(anonymous_73)
FN:1614,(anonymous_74)
FN:1681,(anonymous_75)
FN:1742,(anonymous_76)
FN:1802,(anonymous_77)
FN:1861,(anonymous_78)
FN:1920,(anonymous_79)
FN:1948,(anonymous_80)
FN:1953,(anonymous_81)
FN:1966,(anonymous_82)
FN:1971,(anonymous_83)
FN:1985,(anonymous_84)
FN:2003,(anonymous_85)
FN:2006,(anonymous_86)
FN:2021,(anonymous_87)
FN:2035,(anonymous_88)
FN:2048,(anonymous_89)
FN:2053,(anonymous_90)
FN:2069,(anonymous_91)
FN:2076,(anonymous_92)
FN:2083,(anonymous_93)
FN:2094,(anonymous_94)
FN:2110,(anonymous_95)
FNF:96
FNH:0
FNDA:0,(anonymous_0)
FNDA:0,(anonymous_1)
FNDA:0,(anonymous_2)
FNDA:0,(anonymous_3)
FNDA:0,(anonymous_4)
FNDA:0,(anonymous_5)
FNDA:0,(anonymous_6)
FNDA:0,(anonymous_7)
FNDA:0,(anonymous_8)
FNDA:0,(anonymous_9)
FNDA:0,(anonymous_10)
FNDA:0,(anonymous_11)
FNDA:0,(anonymous_12)
FNDA:0,(anonymous_13)
FNDA:0,(anonymous_14)
FNDA:0,(anonymous_15)
FNDA:0,(anonymous_16)
FNDA:0,(anonymous_17)
FNDA:0,(anonymous_18)
FNDA:0,(anonymous_19)
FNDA:0,(anonymous_20)
FNDA:0,(anonymous_21)
FNDA:0,(anonymous_22)
FNDA:0,(anonymous_23)
FNDA:0,(anonymous_24)
FNDA:0,(anonymous_25)
FNDA:0,(anonymous_26)
FNDA:0,(anonymous_27)
FNDA:0,(anonymous_28)
FNDA:0,(anonymous_29)
FNDA:0,(anonymous_30)
FNDA:0,(anonymous_31)
FNDA:0,(anonymous_32)
FNDA:0,(anonymous_33)
FNDA:0,(anonymous_34)
FNDA:0,(anonymous_35)
FNDA:0,(anonymous_36)
FNDA:0,(anonymous_37)
FNDA:0,(anonymous_38)
FNDA:0,(anonymous_39)
FNDA:0,(anonymous_40)
FNDA:0,(anonymous_41)
FNDA:0,(anonymous_42)
FNDA:0,(anonymous_43)
FNDA:0,(anonymous_44)
FNDA:0,(anonymous_45)
FNDA:0,(anonymous_46)
FNDA:0,(anonymous_47)
FNDA:0,(anonymous_48)
FNDA:0,(anonymous_49)
FNDA:0,(anonymous_50)
FNDA:0,(anonymous_51)
FNDA:0,(anonymous_52)
FNDA:0,(anonymous_53)
FNDA:0,(anonymous_54)
FNDA:0,(anonymous_55)
FNDA:0,(anonymous_56)
FNDA:0,(anonymous_57)
FNDA:0,(anonymous_58)
FNDA:0,(anonymous_59)
FNDA:0,(anonymous_60)
FNDA:0,(anonymous_61)
FNDA:0,(anonymous_62)
FNDA:0,(anonymous_63)
FNDA:0,(anonymous_64)
FNDA:0,(anonymous_65)
FNDA:0,(anonymous_66)
FNDA:0,(anonymous_67)
FNDA:0,(anonymous_68)
FNDA:0,(anonymous_69)
FNDA:0,(anonymous_70)
FNDA:0,(anonymous_71)
FNDA:0,(anonymous_72)
FNDA:0,(anonymous_73)
FNDA:0,(anonymous_74)
FNDA:0,(anonymous_75)
FNDA:0,(anonymous_76)
FNDA:0,(anonymous_77)
FNDA:0,(anonymous_78)
FNDA:0,(anonymous_79)
FNDA:0,(anonymous_80)
FNDA:0,(anonymous_81)
FNDA:0,(anonymous_82)
FNDA:0,(anonymous_83)
FNDA:0,(anonymous_84)
FNDA:0,(anonymous_85)
FNDA:0,(anonymous_86)
FNDA:0,(anonymous_87)
FNDA:0,(anonymous_88)
FNDA:0,(anonymous_89)
FNDA:0,(anonymous_90)
FNDA:0,(anonymous_91)
FNDA:0,(anonymous_92)
FNDA:0,(anonymous_93)
FNDA:0,(anonymous_94)
FNDA:0,(anonymous_95)
DA:75,0
DA:76,0
DA:77,0
DA:78,0
DA:79,0
DA:85,0
DA:86,0
DA:87,0
DA:88,0
DA:89,0
DA:90,0
DA:91,0
DA:92,0
DA:93,0
DA:94,0
DA:96,0
DA:97,0
DA:98,0
DA:99,0
DA:100,0
DA:101,0
DA:102,0
DA:103,0
DA:104,0
DA:105,0
DA:107,0
DA:108,0
DA:109,0
DA:110,0
DA:111,0
DA:112,0
DA:113,0
DA:114,0
DA:115,0
DA:116,0
DA:117,0
DA:118,0
DA:119,0
DA:120,0
DA:121,0
DA:122,0
DA:123,0
DA:124,0
DA:125,0
DA:126,0
DA:127,0
DA:128,0
DA:129,0
DA:131,0
DA:133,0
DA:135,0
DA:137,0
DA:142,0
DA:143,0
DA:144,0
DA:145,0
DA:146,0
DA:147,0
DA:148,0
DA:149,0
DA:173,0
DA:177,0
DA:180,0
DA:181,0
DA:205,0
DA:209,0
DA:210,0
DA:211,0
DA:212,0
DA:213,0
DA:214,0
DA:215,0
DA:216,0
DA:217,0
DA:218,0
DA:219,0
DA:220,0
DA:221,0
DA:222,0
DA:223,0
DA:224,0
DA:225,0
DA:226,0
DA:227,0
DA:228,0
DA:229,0
DA:234,0
DA:235,0
DA:239,0
DA:240,0
DA:241,0
DA:250,0
DA:251,0
DA:252,0
DA:279,0
DA:281,0
DA:282,0
DA:283,0
DA:284,0
DA:286,0
DA:287,0
DA:291,0
DA:295,0
DA:301,0
DA:302,0
DA:303,0
DA:304,0
DA:305,0
DA:306,0
DA:307,0
DA:308,0
DA:309,0
DA:310,0
DA:311,0
DA:312,0
DA:313,0
DA:314,0
DA:315,0
DA:316,0
DA:317,0
DA:318,0
DA:319,0
DA:320,0
DA:321,0
DA:322,0
DA:323,0
DA:328,0
DA:329,0
DA:331,0
DA:336,0
DA:337,0
DA:338,0
DA:339,0
DA:340,0
DA:341,0
DA:342,0
DA:343,0
DA:344,0
DA:345,0
DA:346,0
DA:347,0
DA:348,0
DA:349,0
DA:350,0
DA:351,0
DA:352,0
DA:355,0
DA:356,0
DA:357,0
DA:358,0
DA:368,0
DA:390,0
DA:416,0
DA:441,0
DA:466,0
DA:491,0
DA:518,0
DA:531,0
DA:544,0
DA:557,0
DA:570,0
DA:583,0
DA:596,0
DA:609,0
DA:612,0
DA:627,0
DA:641,0
DA:710,0
DA:711,0
DA:712,0
DA:771,0
DA:772,0
DA:773,0
DA:831,0
DA:832,0
DA:833,0
DA:891,0
DA:892,0
DA:893,0
DA:951,0
DA:952,0
DA:953,0
DA:971,0
DA:977,0
DA:992,0
DA:1001,0
DA:1010,0
DA:1022,0
DA:1040,0
DA:1057,0
DA:1068,0
DA:1075,0
DA:1082,0
DA:1092,0
DA:1105,0
DA:1219,0
DA:1220,0
DA:1221,0
DA:1280,0
DA:1281,0
DA:1282,0
DA:1340,0
DA:1341,0
DA:1342,0
DA:1400,0
DA:1401,0
DA:1402,0
DA:1460,0
DA:1461,0
DA:1462,0
DA:1480,0
DA:1486,0
DA:1501,0
DA:1511,0
DA:1521,0
DA:1533,0
DA:1552,0
DA:1569,0
DA:1580,0
DA:1587,0
DA:1594,0
DA:1604,0
DA:1614,0
DA:1683,0
DA:1744,0
DA:1804,0
DA:1863,0
DA:1922,0
DA:1948,0
DA:1954,0
DA:1966,0
DA:1972,0
DA:1986,0
DA:2003,0
DA:2007,0
DA:2022,0
DA:2036,0
DA:2048,0
DA:2054,0
DA:2069,0
DA:2076,0
DA:2083,0
DA:2095,0
DA:2111,0
LF:244
LH:0
BRDA:79,0,0,0
BRDA:79,0,1,0
BRDA:148,1,0,0
BRDA:148,1,1,0
BRDA:180,2,0,0
BRDA:180,2,1,0
BRDA:239,3,0,0
BRDA:239,3,1,0
BRDA:239,4,0,0
BRDA:239,4,1,0
BRDA:254,5,0,0
BRDA:254,5,1,0
BRDA:255,6,0,0
BRDA:255,6,1,0
BRDA:284,7,0,0
BRDA:284,7,1,0
BRDA:286,8,0,0
BRDA:286,8,1,0
BRDA:302,9,0,0
BRDA:302,9,1,0
BRDA:304,10,0,0
BRDA:304,10,1,0
BRDA:331,11,0,0
BRDA:331,11,1,0
BRDA:331,11,2,0
BRDA:331,11,3,0
BRDA:336,12,0,0
BRDA:336,12,1,0
BRDA:355,13,0,0
BRDA:355,13,1,0
BRDA:355,14,0,0
BRDA:355,14,1,0
BRDA:356,15,0,0
BRDA:356,15,1,0
BRDA:356,16,0,0
BRDA:356,16,1,0
BRDA:386,17,0,0
BRDA:386,17,1,0
BRDA:388,18,0,0
BRDA:388,18,1,0
BRDA:389,19,0,0
BRDA:389,19,1,0
BRDA:390,20,0,0
BRDA:390,20,1,0
BRDA:412,21,0,0
BRDA:412,21,1,0
BRDA:414,22,0,0
BRDA:414,22,1,0
BRDA:415,23,0,0
BRDA:415,23,1,0
BRDA:416,24,0,0
BRDA:416,24,1,0
BRDA:437,25,0,0
BRDA:437,25,1,0
BRDA:439,26,0,0
BRDA:439,26,1,0
BRDA:440,27,0,0
BRDA:440,27,1,0
BRDA:441,28,0,0
BRDA:441,28,1,0
BRDA:462,29,0,0
BRDA:462,29,1,0
BRDA:464,30,0,0
BRDA:464,30,1,0
BRDA:465,31,0,0
BRDA:465,31,1,0
BRDA:466,32,0,0
BRDA:466,32,1,0
BRDA:487,33,0,0
BRDA:487,33,1,0
BRDA:489,34,0,0
BRDA:489,34,1,0
BRDA:490,35,0,0
BRDA:490,35,1,0
BRDA:491,36,0,0
BRDA:491,36,1,0
BRDA:514,37,0,0
BRDA:514,37,1,0
BRDA:516,38,0,0
BRDA:516,38,1,0
BRDA:517,39,0,0
BRDA:517,39,1,0
BRDA:518,40,0,0
BRDA:518,40,1,0
BRDA:527,41,0,0
BRDA:527,41,1,0
BRDA:529,42,0,0
BRDA:529,42,1,0
BRDA:530,43,0,0
BRDA:530,43,1,0
BRDA:531,44,0,0
BRDA:531,44,1,0
BRDA:540,45,0,0
BRDA:540,45,1,0
BRDA:542,46,0,0
BRDA:542,46,1,0
BRDA:543,47,0,0
BRDA:543,47,1,0
BRDA:544,48,0,0
BRDA:544,48,1,0
BRDA:553,49,0,0
BRDA:553,49,1,0
BRDA:555,50,0,0
BRDA:555,50,1,0
BRDA:556,51,0,0
BRDA:556,51,1,0
BRDA:557,52,0,0
BRDA:557,52,1,0
BRDA:566,53,0,0
BRDA:566,53,1,0
BRDA:568,54,0,0
BRDA:568,54,1,0
BRDA:569,55,0,0
BRDA:569,55,1,0
BRDA:570,56,0,0
BRDA:570,56,1,0
BRDA:579,57,0,0
BRDA:579,57,1,0
BRDA:581,58,0,0
BRDA:581,58,1,0
BRDA:582,59,0,0
BRDA:582,59,1,0
BRDA:583,60,0,0
BRDA:583,60,1,0
BRDA:592,61,0,0
BRDA:592,61,1,0
BRDA:594,62,0,0
BRDA:594,62,1,0
BRDA:595,63,0,0
BRDA:595,63,1,0
BRDA:596,64,0,0
BRDA:596,64,1,0
BRDA:605,65,0,0
BRDA:605,65,1,0
BRDA:607,66,0,0
BRDA:607,66,1,0
BRDA:608,67,0,0
BRDA:608,67,1,0
BRDA:609,68,0,0
BRDA:609,68,1,0
BRDA:612,69,0,0
BRDA:612,69,1,0
BRDA:623,70,0,0
BRDA:623,70,1,0
BRDA:625,71,0,0
BRDA:625,71,1,0
BRDA:626,72,0,0
BRDA:626,72,1,0
BRDA:636,73,0,0
BRDA:636,73,1,0
BRDA:638,74,0,0
BRDA:638,74,1,0
BRDA:639,75,0,0
BRDA:639,75,1,0
BRDA:658,76,0,0
BRDA:658,76,1,0
BRDA:723,77,0,0
BRDA:723,77,1,0
BRDA:783,78,0,0
BRDA:783,78,1,0
BRDA:843,79,0,0
BRDA:843,79,1,0
BRDA:903,80,0,0
BRDA:903,80,1,0
BRDA:974,81,0,0
BRDA:974,81,1,0
BRDA:974,81,2,0
BRDA:1023,82,0,0
BRDA:1023,82,1,0
BRDA:1023,83,0,0
BRDA:1023,83,1,0
BRDA:1025,84,0,0
BRDA:1025,84,1,0
BRDA:1041,85,0,0
BRDA:1041,85,1,0
BRDA:1041,86,0,0
BRDA:1041,86,1,0
BRDA:1043,87,0,0
BRDA:1043,87,1,0
BRDA:1093,88,0,0
BRDA:1093,88,1,0
BRDA:1093,89,0,0
BRDA:1093,89,1,0
BRDA:1106,90,0,0
BRDA:1106,90,1,0
BRDA:1106,91,0,0
BRDA:1106,91,1,0
BRDA:1134,92,0,0
BRDA:1134,92,1,0
BRDA:1167,93,0,0
BRDA:1167,93,1,0
BRDA:1232,94,0,0
BRDA:1232,94,1,0
BRDA:1292,95,0,0
BRDA:1292,95,1,0
BRDA:1352,96,0,0
BRDA:1352,96,1,0
BRDA:1412,97,0,0
BRDA:1412,97,1,0
BRDA:1483,98,0,0
BRDA:1483,98,1,0
BRDA:1483,98,2,0
BRDA:1534,99,0,0
BRDA:1534,99,1,0
BRDA:1534,100,0,0
BRDA:1534,100,1,0
BRDA:1536,101,0,0
BRDA:1536,101,1,0
BRDA:1553,102,0,0
BRDA:1553,102,1,0
BRDA:1553,103,0,0
BRDA:1553,103,1,0
BRDA:1555,104,0,0
BRDA:1555,104,1,0
BRDA:1604,105,0,0
BRDA:1604,105,1,0
BRDA:1614,106,0,0
BRDA:1614,106,1,0
BRDA:1623,107,0,0
BRDA:1623,107,1,0
BRDA:1638,108,0,0
BRDA:1638,108,1,0
BRDA:1683,109,0,0
BRDA:1683,109,1,0
BRDA:1683,109,2,0
BRDA:1683,109,3,0
BRDA:1703,110,0,0
BRDA:1703,110,1,0
BRDA:1744,111,0,0
BRDA:1744,111,1,0
BRDA:1744,111,2,0
BRDA:1744,111,3,0
BRDA:1763,112,0,0
BRDA:1763,112,1,0
BRDA:1804,113,0,0
BRDA:1804,113,1,0
BRDA:1804,113,2,0
BRDA:1804,113,3,0
BRDA:1822,114,0,0
BRDA:1822,114,1,0
BRDA:1863,115,0,0
BRDA:1863,115,1,0
BRDA:1863,115,2,0
BRDA:1863,115,3,0
BRDA:1881,116,0,0
BRDA:1881,116,1,0
BRDA:1922,117,0,0
BRDA:1922,117,1,0
BRDA:1922,117,2,0
BRDA:1922,117,3,0
BRDA:1951,118,0,0
BRDA:1951,118,1,0
BRDA:1951,118,2,0
BRDA:1969,119,0,0
BRDA:1969,119,1,0
BRDA:1969,119,2,0
BRDA:1986,120,0,0
BRDA:1986,120,1,0
BRDA:2004,121,0,0
BRDA:2004,121,1,0
BRDA:2004,121,2,0
BRDA:2022,122,0,0
BRDA:2022,122,1,0
BRDA:2036,123,0,0
BRDA:2036,123,1,0
BRDA:2051,124,0,0
BRDA:2051,124,1,0
BRDA:2051,124,2,0
BRDA:2096,125,0,0
BRDA:2096,125,1,0
BRDA:2096,126,0,0
BRDA:2096,126,1,0
BRDA:2112,127,0,0
BRDA:2112,127,1,0
BRDA:2112,128,0,0
BRDA:2112,128,1,0
BRDA:2125,129,0,0
BRDA:2125,129,1,0
BRF:278
BRH:0
end_of_record
TN:
SF:src\components\admin\inbox.component.jsx
FN:14,(anonymous_0)
FNF:1
FNH:0
FNDA:0,(anonymous_0)
DA:7,0
DA:14,0
DA:15,0
LF:3
LH:0
BRF:0
BRH:0
end_of_record
TN:
SF:src\components\admin\inventory.component.jsx
FN:39,(anonymous_0)
FN:44,(anonymous_1)
FN:68,(anonymous_2)
FN:70,(anonymous_3)
FN:73,(anonymous_4)
FN:83,(anonymous_5)
FN:119,(anonymous_6)
FN:139,(anonymous_7)
FN:186,(anonymous_8)
FN:203,(anonymous_9)
FN:210,(anonymous_10)
FNF:11
FNH:0
FNDA:0,(anonymous_0)
FNDA:0,(anonymous_1)
FNDA:0,(anonymous_2)
FNDA:0,(anonymous_3)
FNDA:0,(anonymous_4)
FNDA:0,(anonymous_5)
FNDA:0,(anonymous_6)
FNDA:0,(anonymous_7)
FNDA:0,(anonymous_8)
FNDA:0,(anonymous_9)
FNDA:0,(anonymous_10)
DA:39,0
DA:40,0
DA:41,0
DA:42,0
DA:43,0
DA:44,0
DA:46,0
DA:67,0
DA:68,0
DA:69,0
DA:70,0
DA:72,0
DA:73,0
DA:75,0
DA:76,0
DA:79,0
DA:80,0
DA:82,0
DA:84,0
DA:95,0
DA:120,0
DA:140,0
DA:187,0
DA:204,0
DA:211,0
LF:25
LH:0
BRDA:69,0,0,0
BRDA:69,0,1,0
BRDA:72,1,0,0
BRDA:72,1,1,0
BRDA:75,2,0,0
BRDA:75,2,1,0
BRDA:79,3,0,0
BRDA:79,3,1,0
BRDA:80,4,0,0
BRDA:80,4,1,0
BRDA:82,5,0,0
BRDA:82,5,1,0
BRDA:103,6,0,0
BRDA:103,6,1,0
BRF:14
BRH:0
end_of_record
TN:
SF:src\components\admin\kpi.component.jsx
FN:7,(anonymous_0)
FN:65,(anonymous_1)
FN:69,(anonymous_2)
FN:85,(anonymous_3)
FNF:4
FNH:0
FNDA:0,(anonymous_0)
FNDA:0,(anonymous_1)
FNDA:0,(anonymous_2)
FNDA:0,(anonymous_3)
DA:7,0
DA:8,0
DA:27,0
DA:65,0
DA:66,0
DA:67,0
DA:68,0
DA:69,0
DA:70,0
DA:78,0
DA:81,0
DA:86,0
DA:92,0
LF:13
LH:0
BRDA:75,0,0,0
BRDA:75,0,1,0
BRDA:75,0,2,0
BRF:3
BRH:0
end_of_record
TN:
SF:src\components\admin\kpi_report.component.jsx
FN:8,(anonymous_0)
FN:28,(anonymous_1)
FN:139,(anonymous_2)
FN:141,(anonymous_3)
FN:142,(anonymous_4)
FN:152,(anonymous_5)
FN:154,(anonymous_6)
FN:156,(anonymous_7)
FN:158,(anonymous_8)
FNF:9
FNH:0
FNDA:0,(anonymous_0)
FNDA:0,(anonymous_1)
FNDA:0,(anonymous_2)
FNDA:0,(anonymous_3)
FNDA:0,(anonymous_4)
FNDA:0,(anonymous_5)
FNDA:0,(anonymous_6)
FNDA:0,(anonymous_7)
FNDA:0,(anonymous_8)
DA:8,0
DA:9,0
DA:28,0
DA:29,0
DA:31,0
DA:58,0
DA:85,0
DA:112,0
DA:139,0
DA:140,0
DA:141,0
DA:142,0
DA:148,0
DA:152,0
DA:154,0
DA:156,0
DA:158,0
DA:163,0
DA:166,0
LF:19
LH:0
BRDA:145,0,0,0
BRDA:145,0,1,0
BRDA:151,1,0,0
BRDA:151,1,1,0
BRDA:153,2,0,0
BRDA:153,2,1,0
BRDA:155,3,0,0
BRDA:155,3,1,0
BRDA:157,4,0,0
BRDA:157,4,1,0
BRF:10
BRH:0
end_of_record
TN:
SF:src\components\admin\log.component.jsx
FN:11,(anonymous_0)
FN:48,(anonymous_1)
FN:51,(anonymous_2)
FN:54,(anonymous_3)
FN:57,(anonymous_4)
FNF:5
FNH:0
FNDA:0,(anonymous_0)
FNDA:0,(anonymous_1)
FNDA:0,(anonymous_2)
FNDA:0,(anonymous_3)
FNDA:0,(anonymous_4)
DA:11,0
DA:12,0
DA:13,0
DA:14,0
DA:15,0
DA:16,0
DA:17,0
DA:48,0
DA:51,0
DA:54,0
DA:57,0
LF:11
LH:0
BRDA:15,0,0,0
BRDA:15,0,1,0
BRDA:16,1,0,0
BRDA:16,1,1,0
BRDA:22,2,0,0
BRDA:22,2,1,0
BRDA:22,3,0,0
BRDA:22,3,1,0
BRF:8
BRH:0
end_of_record
TN:
SF:src\components\admin\on_sale_product.component.jsx
FN:125,(anonymous_0)
FN:148,(anonymous_1)
FN:152,(anonymous_2)
FN:153,(anonymous_3)
FN:193,(anonymous_4)
FN:196,(anonymous_5)
FN:209,(anonymous_6)
FN:212,(anonymous_7)
FN:232,(anonymous_8)
FN:234,(anonymous_9)
FN:268,(anonymous_10)
FN:271,(anonymous_11)
FN:274,(anonymous_12)
FN:295,(anonymous_13)
FN:308,(anonymous_14)
FN:319,(anonymous_15)
FN:326,(anonymous_16)
FN:334,(anonymous_17)
FN:345,(anonymous_18)
FN:362,(anonymous_19)
FN:401,(anonymous_20)
FN:409,(anonymous_21)
FN:419,(anonymous_22)
FN:427,(anonymous_23)
FN:439,(anonymous_24)
FN:451,(anonymous_25)
FN:452,(anonymous_26)
FN:476,(anonymous_27)
FN:478,(anonymous_28)
FN:495,(anonymous_29)
FN:522,(anonymous_30)
FN:536,(anonymous_31)
FN:538,(anonymous_32)
FN:553,(anonymous_33)
FN:566,(anonymous_34)
FN:589,(anonymous_35)
FN:605,(anonymous_36)
FN:624,(anonymous_37)
FN:626,(anonymous_38)
FN:643,(anonymous_39)
FN:704,(anonymous_40)
FN:706,(anonymous_41)
FN:726,(anonymous_42)
FN:743,(anonymous_43)
FN:763,(anonymous_44)
FN:779,(anonymous_45)
FN:808,(anonymous_46)
FN:809,(anonymous_47)
FN:830,(anonymous_48)
FN:836,(anonymous_49)
FN:841,(anonymous_50)
FN:846,(anonymous_51)
FN:880,(anonymous_52)
FN:882,(anonymous_53)
FN:900,(anonymous_54)
FN:903,(anonymous_55)
FN:909,(anonymous_56)
FN:915,(anonymous_57)
FN:921,(anonymous_58)
FN:927,(anonymous_59)
FN:933,(anonymous_60)
FN:953,(anonymous_61)
FN:970,(anonymous_62)
FN:989,(anonymous_63)
FN:1005,(anonymous_64)
FN:1033,(anonymous_65)
FN:1035,(anonymous_66)
FN:1052,(anonymous_67)
FNF:68
FNH:0
FNDA:0,(anonymous_0)
FNDA:0,(anonymous_1)
FNDA:0,(anonymous_2)
FNDA:0,(anonymous_3)
FNDA:0,(anonymous_4)
FNDA:0,(anonymous_5)
FNDA:0,(anonymous_6)
FNDA:0,(anonymous_7)
FNDA:0,(anonymous_8)
FNDA:0,(anonymous_9)
FNDA:0,(anonymous_10)
FNDA:0,(anonymous_11)
FNDA:0,(anonymous_12)
FNDA:0,(anonymous_13)
FNDA:0,(anonymous_14)
FNDA:0,(anonymous_15)
FNDA:0,(anonymous_16)
FNDA:0,(anonymous_17)
FNDA:0,(anonymous_18)
FNDA:0,(anonymous_19)
FNDA:0,(anonymous_20)
FNDA:0,(anonymous_21)
FNDA:0,(anonymous_22)
FNDA:0,(anonymous_23)
FNDA:0,(anonymous_24)
FNDA:0,(anonymous_25)
FNDA:0,(anonymous_26)
FNDA:0,(anonymous_27)
FNDA:0,(anonymous_28)
FNDA:0,(anonymous_29)
FNDA:0,(anonymous_30)
FNDA:0,(anonymous_31)
FNDA:0,(anonymous_32)
FNDA:0,(anonymous_33)
FNDA:0,(anonymous_34)
FNDA:0,(anonymous_35)
FNDA:0,(anonymous_36)
FNDA:0,(anonymous_37)
FNDA:0,(anonymous_38)
FNDA:0,(anonymous_39)
FNDA:0,(anonymous_40)
FNDA:0,(anonymous_41)
FNDA:0,(anonymous_42)
FNDA:0,(anonymous_43)
FNDA:0,(anonymous_44)
FNDA:0,(anonymous_45)
FNDA:0,(anonymous_46)
FNDA:0,(anonymous_47)
FNDA:0,(anonymous_48)
FNDA:0,(anonymous_49)
FNDA:0,(anonymous_50)
FNDA:0,(anonymous_51)
FNDA:0,(anonymous_52)
FNDA:0,(anonymous_53)
FNDA:0,(anonymous_54)
FNDA:0,(anonymous_55)
FNDA:0,(anonymous_56)
FNDA:0,(anonymous_57)
FNDA:0,(anonymous_58)
FNDA:0,(anonymous_59)
FNDA:0,(anonymous_60)
FNDA:0,(anonymous_61)
FNDA:0,(anonymous_62)
FNDA:0,(anonymous_63)
FNDA:0,(anonymous_64)
FNDA:0,(anonymous_65)
FNDA:0,(anonymous_66)
FNDA:0,(anonymous_67)
DA:57,0
DA:125,0
DA:126,0
DA:127,0
DA:128,0
DA:129,0
DA:130,0
DA:131,0
DA:132,0
DA:133,0
DA:134,0
DA:135,0
DA:136,0
DA:137,0
DA:138,0
DA:139,0
DA:140,0
DA:141,0
DA:142,0
DA:143,0
DA:144,0
DA:145,0
DA:146,0
DA:147,0
DA:148,0
DA:149,0
DA:150,0
DA:152,0
DA:153,0
DA:154,0
DA:155,0
DA:160,0
DA:161,0
DA:166,0
DA:167,0
DA:168,0
DA:173,0
DA:178,0
DA:179,0
DA:186,0
DA:193,0
DA:194,0
DA:195,0
DA:197,0
DA:209,0
DA:210,0
DA:211,0
DA:213,0
DA:232,0
DA:233,0
DA:234,0
DA:235,0
DA:236,0
DA:237,0
DA:238,0
DA:239,0
DA:240,0
DA:243,0
DA:244,0
DA:245,0
DA:246,0
DA:256,0
DA:257,0
DA:267,0
DA:268,0
DA:269,0
DA:271,0
DA:272,0
DA:274,0
DA:275,0
DA:276,0
DA:284,0
DA:289,0
DA:295,0
DA:296,0
DA:297,0
DA:305,0
DA:309,0
DA:310,0
DA:313,0
DA:319,0
DA:320,0
DA:321,0
DA:322,0
DA:323,0
DA:324,0
DA:326,0
DA:327,0
DA:328,0
DA:329,0
DA:330,0
DA:331,0
DA:332,0
DA:334,0
DA:335,0
DA:345,0
DA:346,0
DA:347,0
DA:354,0
DA:356,0
DA:362,0
DA:363,0
DA:364,0
DA:365,0
DA:367,0
DA:373,0
DA:401,0
DA:409,0
DA:419,0
DA:427,0
DA:439,0
DA:451,0
DA:452,0
DA:477,0
DA:479,0
DA:495,0
DA:523,0
DA:536,0
DA:539,0
DA:554,0
DA:567,0
DA:589,0
DA:605,0
DA:625,0
DA:627,0
DA:643,0
DA:704,0
DA:707,0
DA:727,0
DA:744,0
DA:763,0
DA:779,0
DA:808,0
DA:810,0
DA:830,0
DA:836,0
DA:842,0
DA:846,0
DA:880,0
DA:883,0
DA:900,0
DA:904,0
DA:910,0
DA:916,0
DA:922,0
DA:928,0
DA:934,0
DA:954,0
DA:971,0
DA:989,0
DA:1005,0
DA:1034,0
DA:1036,0
DA:1052,0
LF:154
LH:0
BRDA:182,0,0,0
BRDA:182,0,1,0
BRDA:189,1,0,0
BRDA:189,1,1,0
BRDA:194,2,0,0
BRDA:194,2,1,0
BRDA:194,3,0,0
BRDA:194,3,1,0
BRDA:194,3,2,0
BRDA:196,4,0,0
BRDA:196,4,1,0
BRDA:210,5,0,0
BRDA:210,5,1,0
BRDA:210,6,0,0
BRDA:210,6,1,0
BRDA:210,6,2,0
BRDA:212,7,0,0
BRDA:212,7,1,0
BRDA:233,8,0,0
BRDA:233,8,1,0
BRDA:246,9,0,0
BRDA:246,9,1,0
BRDA:247,10,0,0
BRDA:247,10,1,0
BRDA:247,10,2,0
BRDA:247,10,3,0
BRDA:247,10,4,0
BRDA:247,10,5,0
BRDA:247,10,6,0
BRDA:247,10,7,0
BRDA:257,11,0,0
BRDA:257,11,1,0
BRDA:258,12,0,0
BRDA:258,12,1,0
BRDA:258,12,2,0
BRDA:258,12,3,0
BRDA:258,12,4,0
BRDA:258,12,5,0
BRDA:258,12,6,0
BRDA:258,12,7,0
BRDA:299,13,0,0
BRDA:299,13,1,0
BRDA:342,14,0,0
BRDA:342,14,1,0
BRDA:379,15,0,0
BRDA:379,15,1,0
BRDA:451,16,0,0
BRDA:451,16,1,0
BRDA:472,17,0,0
BRDA:472,17,1,0
BRDA:472,17,2,0
BRDA:489,18,0,0
BRDA:489,18,1,0
BRDA:491,19,0,0
BRDA:491,19,1,0
BRDA:491,20,0,0
BRDA:491,20,1,0
BRDA:555,21,0,0
BRDA:555,21,1,0
BRDA:555,22,0,0
BRDA:555,22,1,0
BRDA:568,23,0,0
BRDA:568,23,1,0
BRDA:568,24,0,0
BRDA:568,24,1,0
BRDA:570,25,0,0
BRDA:570,25,1,0
BRDA:620,26,0,0
BRDA:620,26,1,0
BRDA:620,26,2,0
BRDA:637,27,0,0
BRDA:637,27,1,0
BRDA:639,28,0,0
BRDA:639,28,1,0
BRDA:639,29,0,0
BRDA:639,29,1,0
BRDA:727,30,0,0
BRDA:727,30,1,0
BRDA:727,31,0,0
BRDA:727,31,1,0
BRDA:745,32,0,0
BRDA:745,32,1,0
BRDA:745,33,0,0
BRDA:745,33,1,0
BRDA:747,34,0,0
BRDA:747,34,1,0
BRDA:835,35,0,0
BRDA:835,35,1,0
BRDA:902,36,0,0
BRDA:902,36,1,0
BRDA:908,37,0,0
BRDA:908,37,1,0
BRDA:914,38,0,0
BRDA:914,38,1,0
BRDA:920,39,0,0
BRDA:920,39,1,0
BRDA:926,40,0,0
BRDA:926,40,1,0
BRDA:932,41,0,0
BRDA:932,41,1,0
BRDA:954,42,0,0
BRDA:954,42,1,0
BRDA:954,43,0,0
BRDA:954,43,1,0
BRDA:972,44,0,0
BRDA:972,44,1,0
BRDA:972,45,0,0
BRDA:972,45,1,0
BRDA:974,46,0,0
BRDA:974,46,1,0
BRDA:1031,47,0,0
BRDA:1031,47,1,0
BRDA:1031,47,2,0
BRDA:1046,48,0,0
BRDA:1046,48,1,0
BRDA:1048,49,0,0
BRDA:1048,49,1,0
BRDA:1048,50,0,0
BRDA:1048,50,1,0
BRF:119
BRH:0
end_of_record
TN:
SF:src\components\admin\order.component.jsx
FN:14,(anonymous_0)
FN:16,(anonymous_1)
FN:23,(anonymous_2)
FN:25,(anonymous_3)
FN:29,(anonymous_4)
FN:68,(anonymous_5)
FN:74,(anonymous_6)
FN:80,(anonymous_7)
FN:94,(anonymous_8)
FN:100,(anonymous_9)
FN:120,(anonymous_10)
FN:131,(anonymous_11)
FN:146,(anonymous_12)
FN:148,(anonymous_13)
FN:151,(anonymous_14)
FN:198,(anonymous_15)
FN:206,(anonymous_16)
FNF:17
FNH:0
FNDA:0,(anonymous_0)
FNDA:0,(anonymous_1)
FNDA:0,(anonymous_2)
FNDA:0,(anonymous_3)
FNDA:0,(anonymous_4)
FNDA:0,(anonymous_5)
FNDA:0,(anonymous_6)
FNDA:0,(anonymous_7)
FNDA:0,(anonymous_8)
FNDA:0,(anonymous_9)
FNDA:0,(anonymous_10)
FNDA:0,(anonymous_11)
FNDA:0,(anonymous_12)
FNDA:0,(anonymous_13)
FNDA:0,(anonymous_14)
FNDA:0,(anonymous_15)
FNDA:0,(anonymous_16)
DA:14,0
DA:15,0
DA:16,0
DA:17,0
DA:18,0
DA:19,0
DA:20,0
DA:21,0
DA:22,0
DA:23,0
DA:24,0
DA:25,0
DA:27,0
DA:28,0
DA:29,0
DA:30,0
DA:40,0
DA:68,0
DA:74,0
DA:80,0
DA:94,0
DA:100,0
DA:120,0
DA:132,0
DA:146,0
DA:150,0
DA:151,0
DA:153,0
DA:155,0
DA:198,0
DA:206,0
LF:31
LH:0
BRDA:24,0,0,0
BRDA:24,0,1,0
BRDA:27,1,0,0
BRDA:27,1,1,0
BRDA:28,2,0,0
BRDA:28,2,1,0
BRDA:48,3,0,0
BRDA:48,3,1,0
BRDA:153,4,0,0
BRDA:153,4,1,0
BRF:10
BRH:0
end_of_record
TN:
SF:src\components\admin\payment_channel.component.jsx
FN:3,(anonymous_0)
FNF:1
FNH:0
FNDA:0,(anonymous_0)
DA:3,0
DA:4,0
LF:2
LH:0
BRF:0
BRH:0
end_of_record
TN:
SF:src\components\admin\product.component.jsx
FN:52,(anonymous_0)
FN:74,(anonymous_1)
FN:103,(anonymous_2)
FN:105,(anonymous_3)
FN:112,(anonymous_4)
FN:113,(anonymous_5)
FN:114,(anonymous_6)
FN:123,(anonymous_7)
FN:127,(anonymous_8)
FN:139,(anonymous_9)
FN:148,(anonymous_10)
FN:158,(anonymous_11)
FN:178,(anonymous_12)
FN:207,(anonymous_13)
FN:227,(anonymous_14)
FN:274,(anonymous_15)
FN:291,(anonymous_16)
FN:298,(anonymous_17)
FN:345,(anonymous_18)
FN:354,(anonymous_19)
FN:356,(anonymous_20)
FN:369,(anonymous_21)
FN:372,(anonymous_22)
FN:392,(anonymous_23)
FN:431,(anonymous_24)
FN:443,(anonymous_25)
FN:446,(anonymous_26)
FN:459,(anonymous_27)
FN:462,(anonymous_28)
FN:482,(anonymous_29)
FNF:30
FNH:0
FNDA:0,(anonymous_0)
FNDA:0,(anonymous_1)
FNDA:0,(anonymous_2)
FNDA:0,(anonymous_3)
FNDA:0,(anonymous_4)
FNDA:0,(anonymous_5)
FNDA:0,(anonymous_6)
FNDA:0,(anonymous_7)
FNDA:0,(anonymous_8)
FNDA:0,(anonymous_9)
FNDA:0,(anonymous_10)
FNDA:0,(anonymous_11)
FNDA:0,(anonymous_12)
FNDA:0,(anonymous_13)
FNDA:0,(anonymous_14)
FNDA:0,(anonymous_15)
FNDA:0,(anonymous_16)
FNDA:0,(anonymous_17)
FNDA:0,(anonymous_18)
FNDA:0,(anonymous_19)
FNDA:0,(anonymous_20)
FNDA:0,(anonymous_21)
FNDA:0,(anonymous_22)
FNDA:0,(anonymous_23)
FNDA:0,(anonymous_24)
FNDA:0,(anonymous_25)
FNDA:0,(anonymous_26)
FNDA:0,(anonymous_27)
FNDA:0,(anonymous_28)
FNDA:0,(anonymous_29)
DA:52,0
DA:53,0
DA:55,0
DA:72,0
DA:73,0
DA:74,0
DA:79,0
DA:80,0
DA:81,0
DA:82,0
DA:83,0
DA:84,0
DA:85,0
DA:86,0
DA:92,0
DA:93,0
DA:98,0
DA:99,0
DA:100,0
DA:101,0
DA:103,0
DA:104,0
DA:105,0
DA:106,0
DA:107,0
DA:108,0
DA:109,0
DA:112,0
DA:113,0
DA:114,0
DA:115,0
DA:116,0
DA:124,0
DA:128,0
DA:129,0
DA:130,0
DA:131,0
DA:132,0
DA:136,0
DA:148,0
DA:149,0
DA:156,0
DA:158,0
DA:159,0
DA:160,0
DA:161,0
DA:162,0
DA:168,0
DA:174,0
DA:175,0
DA:176,0
DA:177,0
DA:178,0
DA:179,0
DA:186,0
DA:208,0
DA:228,0
DA:275,0
DA:292,0
DA:299,0
DA:345,0
DA:354,0
DA:357,0
DA:369,0
DA:373,0
DA:392,0
DA:431,0
DA:443,0
DA:447,0
DA:459,0
DA:463,0
DA:482,0
LF:72
LH:0
BRDA:104,0,0,0
BRDA:104,0,1,0
BRDA:161,1,0,0
BRDA:161,1,1,0
BRDA:174,2,0,0
BRDA:174,2,1,0
BRDA:174,3,0,0
BRDA:174,3,1,0
BRDA:174,3,2,0
BRDA:175,4,0,0
BRDA:175,4,1,0
BRDA:175,5,0,0
BRDA:175,5,1,0
BRDA:175,5,2,0
BRDA:177,6,0,0
BRDA:177,6,1,0
BRDA:355,7,0,0
BRDA:355,7,1,0
BRDA:370,8,0,0
BRDA:370,8,1,0
BRDA:370,8,2,0
BRDA:445,9,0,0
BRDA:445,9,1,0
BRDA:460,10,0,0
BRDA:460,10,1,0
BRDA:460,10,2,0
BRDA:489,11,0,0
BRDA:489,11,1,0
BRF:28
BRH:0
end_of_record
TN:
SF:src\components\admin\report.component.jsx
FN:15,(anonymous_0)
FN:189,(anonymous_1)
FN:211,(anonymous_2)
FNF:3
FNH:0
FNDA:0,(anonymous_0)
FNDA:0,(anonymous_1)
FNDA:0,(anonymous_2)
DA:15,0
DA:16,0
DA:17,0
DA:65,0
DA:89,0
DA:105,0
DA:121,0
DA:127,0
DA:189,0
DA:190,0
DA:212,0
LF:11
LH:0
BRF:0
BRH:0
end_of_record
TN:
SF:src\components\admin\user.component.jsx
FN:12,(anonymous_0)
FNF:1
FNH:0
FNDA:0,(anonymous_0)
DA:12,0
DA:13,0
DA:14,0
DA:16,0
DA:17,0
DA:18,0
DA:19,0
LF:7
LH:0
BRDA:17,0,0,0
BRDA:17,0,1,0
BRDA:18,1,0,0
BRDA:18,1,1,0
BRDA:40,2,0,0
BRDA:40,2,1,0
BRDA:84,3,0,0
BRDA:84,3,1,0
BRF:8
BRH:0
end_of_record
TN:
SF:src\components\admin\voucher.component.jsx
FN:32,(anonymous_0)
FN:43,(anonymous_1)
FN:46,(anonymous_2)
FN:47,(anonymous_3)
FN:55,(anonymous_4)
FN:57,(anonymous_5)
FN:58,(anonymous_6)
FN:59,(anonymous_7)
FN:61,(anonymous_8)
FN:64,(anonymous_9)
FN:71,(anonymous_10)
FN:83,(anonymous_11)
FN:98,(anonymous_12)
FN:116,(anonymous_13)
FN:153,(anonymous_14)
FN:160,(anonymous_15)
FN:166,(anonymous_16)
FN:173,(anonymous_17)
FN:180,(anonymous_18)
FN:208,(anonymous_19)
FN:218,(anonymous_20)
FN:237,(anonymous_21)
FN:259,(anonymous_22)
FN:279,(anonymous_23)
FN:343,(anonymous_24)
FN:353,(anonymous_25)
FN:372,(anonymous_26)
FN:394,(anonymous_27)
FN:414,(anonymous_28)
FNF:29
FNH:0
FNDA:0,(anonymous_0)
FNDA:0,(anonymous_1)
FNDA:0,(anonymous_2)
FNDA:0,(anonymous_3)
FNDA:0,(anonymous_4)
FNDA:0,(anonymous_5)
FNDA:0,(anonymous_6)
FNDA:0,(anonymous_7)
FNDA:0,(anonymous_8)
FNDA:0,(anonymous_9)
FNDA:0,(anonymous_10)
FNDA:0,(anonymous_11)
FNDA:0,(anonymous_12)
FNDA:0,(anonymous_13)
FNDA:0,(anonymous_14)
FNDA:0,(anonymous_15)
FNDA:0,(anonymous_16)
FNDA:0,(anonymous_17)
FNDA:0,(anonymous_18)
FNDA:0,(anonymous_19)
FNDA:0,(anonymous_20)
FNDA:0,(anonymous_21)
FNDA:0,(anonymous_22)
FNDA:0,(anonymous_23)
FNDA:0,(anonymous_24)
FNDA:0,(anonymous_25)
FNDA:0,(anonymous_26)
FNDA:0,(anonymous_27)
FNDA:0,(anonymous_28)
DA:32,0
DA:33,0
DA:34,0
DA:35,0
DA:36,0
DA:37,0
DA:38,0
DA:39,0
DA:40,0
DA:41,0
DA:42,0
DA:43,0
DA:45,0
DA:46,0
DA:47,0
DA:52,0
DA:53,0
DA:54,0
DA:55,0
DA:56,0
DA:57,0
DA:58,0
DA:59,0
DA:60,0
DA:61,0
DA:63,0
DA:64,0
DA:68,0
DA:69,0
DA:71,0
DA:72,0
DA:73,0
DA:80,0
DA:84,0
DA:85,0
DA:86,0
DA:87,0
DA:88,0
DA:89,0
DA:92,0
DA:98,0
DA:99,0
DA:100,0
DA:108,0
DA:110,0
DA:116,0
DA:117,0
DA:126,0
DA:153,0
DA:160,0
DA:166,0
DA:173,0
DA:180,0
DA:208,0
DA:219,0
DA:238,0
DA:259,0
DA:279,0
DA:343,0
DA:354,0
DA:373,0
DA:394,0
DA:414,0
LF:63
LH:0
BRDA:56,0,0,0
BRDA:56,0,1,0
BRDA:68,1,0,0
BRDA:68,1,1,0
BRDA:69,2,0,0
BRDA:69,2,1,0
BRDA:132,3,0,0
BRDA:132,3,1,0
BRDA:220,4,0,0
BRDA:220,4,1,0
BRDA:220,5,0,0
BRDA:220,5,1,0
BRDA:222,6,0,0
BRDA:222,6,1,0
BRDA:239,7,0,0
BRDA:239,7,1,0
BRDA:239,8,0,0
BRDA:239,8,1,0
BRDA:355,9,0,0
BRDA:355,9,1,0
BRDA:355,10,0,0
BRDA:355,10,1,0
BRDA:357,11,0,0
BRDA:357,11,1,0
BRDA:374,12,0,0
BRDA:374,12,1,0
BRDA:374,13,0,0
BRDA:374,13,1,0
BRF:28
BRH:0
end_of_record
TN:
SF:src\components\admin\web.component.jsx
FN:9,(anonymous_0)
FN:18,(anonymous_1)
FN:28,(anonymous_2)
FN:39,(anonymous_3)
FN:49,(anonymous_4)
FNF:5
FNH:0
FNDA:0,(anonymous_0)
FNDA:0,(anonymous_1)
FNDA:0,(anonymous_2)
FNDA:0,(anonymous_3)
FNDA:0,(anonymous_4)
DA:9,0
DA:11,0
DA:12,0
DA:18,0
DA:19,0
DA:20,0
DA:29,0
DA:30,0
DA:35,0
DA:39,0
DA:40,0
DA:41,0
DA:50,0
DA:51,0
DA:56,0
DA:60,0
LF:16
LH:0
BRDA:19,0,0,0
BRDA:19,0,1,0
BRDA:29,1,0,0
BRDA:29,1,1,0
BRDA:40,2,0,0
BRDA:40,2,1,0
BRDA:50,3,0,0
BRDA:50,3,1,0
BRF:8
BRH:0
end_of_record
TN:
SF:src\components\shared\LanguageSwitcher.jsx
FN:6,(anonymous_0)
FN:25,(anonymous_1)
FN:31,(anonymous_2)
FNF:3
FNH:0
FNDA:0,(anonymous_0)
FNDA:0,(anonymous_1)
FNDA:0,(anonymous_2)
DA:6,0
DA:7,0
DA:9,0
DA:26,0
DA:31,0
LF:5
LH:0
BRDA:29,0,0,0
BRDA:29,0,1,0
BRF:2
BRH:0
end_of_record
TN:
SF:src\components\shared\LazyImage.jsx
FN:16,(anonymous_0)
FN:31,(anonymous_1)
FN:57,(anonymous_2)
FN:58,(anonymous_3)
FNF:4
FNH:0
FNDA:0,(anonymous_0)
FNDA:0,(anonymous_1)
FNDA:0,(anonymous_2)
FNDA:0,(anonymous_3)
DA:16,0
DA:27,0
DA:28,0
DA:31,0
DA:32,0
DA:33,0
DA:37,0
DA:43,0
DA:57,0
DA:58,0
DA:69,0
LF:11
LH:0
BRDA:18,0,0,0
BRDA:19,1,0,0
BRDA:20,2,0,0
BRDA:32,3,0,0
BRDA:32,3,1,0
BRDA:38,4,0,0
BRDA:38,4,1,0
BRDA:39,5,0,0
BRDA:39,5,1,0
BRDA:40,6,0,0
BRDA:40,6,1,0
BRDA:45,7,0,0
BRDA:45,7,1,0
BRDA:48,8,0,0
BRDA:48,8,1,0
BRDA:55,9,0,0
BRDA:55,9,1,0
BRF:17
BRH:0
end_of_record
TN:
SF:src\components\shared\ParallaxBanner.jsx
FN:16,(anonymous_0)
FNF:1
FNH:0
FNDA:0,(anonymous_0)
DA:16,0
DA:24,0
DA:26,0
DA:62,0
LF:4
LH:0
BRDA:18,0,0,0
BRDA:19,1,0,0
BRDA:20,2,0,0
BRDA:21,3,0,0
BRDA:51,4,0,0
BRDA:51,4,1,0
BRF:6
BRH:0
end_of_record
TN:
SF:src\components\shared\ReactMetricsMonitor.jsx
FN:14,(anonymous_0)
FN:16,(anonymous_1)
FN:22,(anonymous_2)
FN:25,(anonymous_3)
FN:28,(anonymous_4)
FN:33,(anonymous_5)
FN:44,(anonymous_6)
FN:55,(anonymous_7)
FN:62,(anonymous_8)
FN:64,(anonymous_9)
FN:74,(anonymous_10)
FN:75,(anonymous_11)
FN:78,(anonymous_12)
FN:90,(anonymous_13)
FN:90,(anonymous_14)
FN:93,(anonymous_15)
FN:96,(anonymous_16)
FN:114,(anonymous_17)
FN:118,(anonymous_18)
FN:130,(anonymous_19)
FN:132,(anonymous_20)
FN:141,(anonymous_21)
FN:160,(anonymous_22)
FN:168,(anonymous_23)
FN:199,(anonymous_24)
FN:201,(anonymous_25)
FN:208,(anonymous_26)
FNF:27
FNH:0
FNDA:0,(anonymous_0)
FNDA:0,(anonymous_1)
FNDA:0,(anonymous_2)
FNDA:0,(anonymous_3)
FNDA:0,(anonymous_4)
FNDA:0,(anonymous_5)
FNDA:0,(anonymous_6)
FNDA:0,(anonymous_7)
FNDA:0,(anonymous_8)
FNDA:0,(anonymous_9)
FNDA:0,(anonymous_10)
FNDA:0,(anonymous_11)
FNDA:0,(anonymous_12)
FNDA:0,(anonymous_13)
FNDA:0,(anonymous_14)
FNDA:0,(anonymous_15)
FNDA:0,(anonymous_16)
FNDA:0,(anonymous_17)
FNDA:0,(anonymous_18)
FNDA:0,(anonymous_19)
FNDA:0,(anonymous_20)
FNDA:0,(anonymous_21)
FNDA:0,(anonymous_22)
FNDA:0,(anonymous_23)
FNDA:0,(anonymous_24)
FNDA:0,(anonymous_25)
FNDA:0,(anonymous_26)
DA:14,0
DA:16,0
DA:17,0
DA:19,0
DA:22,0
DA:23,0
DA:25,0
DA:26,0
DA:28,0
DA:29,0
DA:30,0
DA:33,0
DA:34,0
DA:44,0
DA:45,0
DA:55,0
DA:57,0
DA:58,0
DA:61,0
DA:62,0
DA:63,0
DA:64,0
DA:65,0
DA:67,0
DA:68,0
DA:74,0
DA:75,0
DA:76,0
DA:78,0
DA:79,0
DA:80,0
DA:90,0
DA:93,0
DA:94,0
DA:96,0
DA:97,0
DA:98,0
DA:100,0
DA:111,0
DA:112,0
DA:114,0
DA:118,0
DA:119,0
DA:125,0
DA:130,0
DA:131,0
DA:132,0
DA:133,0
DA:134,0
DA:136,0
DA:137,0
DA:141,0
DA:149,0
DA:160,0
DA:168,0
DA:199,0
DA:200,0
DA:201,0
DA:202,0
DA:204,0
DA:206,0
DA:208,0
DA:209,0
DA:211,0
DA:225,0
DA:235,0
LF:66
LH:0
BRDA:14,0,0,0
BRDA:14,0,1,0
BRDA:17,1,0,0
BRDA:17,1,1,0
BRDA:23,2,0,0
BRDA:23,2,1,0
BRDA:23,3,0,0
BRDA:23,3,1,0
BRDA:23,4,0,0
BRDA:23,4,1,0
BRDA:29,5,0,0
BRDA:29,5,1,0
BRDA:29,6,0,0
BRDA:29,6,1,0
BRDA:29,6,2,0
BRDA:33,7,0,0
BRDA:39,8,0,0
BRDA:39,8,1,0
BRDA:39,8,2,0
BRDA:50,9,0,0
BRDA:50,9,1,0
BRDA:50,9,2,0
BRDA:57,10,0,0
BRDA:57,10,1,0
BRDA:79,11,0,0
BRDA:79,11,1,0
BRDA:85,12,0,0
BRDA:85,12,1,0
BRDA:94,13,0,0
BRDA:94,13,1,0
BRDA:94,14,0,0
BRDA:94,14,1,0
BRDA:98,15,0,0
BRDA:98,15,1,0
BRDA:136,16,0,0
BRDA:136,16,1,0
BRDA:182,17,0,0
BRDA:182,17,1,0
BRDA:202,18,0,0
BRDA:202,18,1,0
BRDA:204,19,0,0
BRDA:204,19,1,0
BRDA:206,20,0,0
BRDA:206,20,1,0
BRDA:209,21,0,0
BRDA:209,21,1,0
BRDA:218,22,0,0
BRDA:218,22,1,0
BRF:48
BRH:0
end_of_record
TN:
SF:src\components\shared\ScrollReveal.jsx
FN:17,(anonymous_0)
FNF:1
FNH:0
FNDA:0,(anonymous_0)
DA:17,0
DA:27,0
DA:29,0
DA:30,0
DA:31,0
DA:33,0
DA:45,0
LF:7
LH:0
BRDA:19,0,0,0
BRDA:20,1,0,0
BRDA:21,2,0,0
BRDA:22,3,0,0
BRDA:23,4,0,0
BRDA:24,5,0,0
BRDA:29,6,0,0
BRDA:29,6,1,0
BRDA:30,7,0,0
BRDA:30,7,1,0
BRDA:31,8,0,0
BRDA:31,8,1,0
BRDA:37,9,0,0
BRDA:37,9,1,0
BRF:14
BRH:0
end_of_record
TN:
SF:src\components\shared\SeasonSwitcher.jsx
FN:15,(anonymous_0)
FN:29,(anonymous_1)
FN:33,(anonymous_2)
FN:55,(anonymous_3)
FN:65,(anonymous_4)
FNF:5
FNH:0
FNDA:0,(anonymous_0)
FNDA:0,(anonymous_1)
FNDA:0,(anonymous_2)
FNDA:0,(anonymous_3)
FNDA:0,(anonymous_4)
DA:7,0
DA:15,0
DA:16,0
DA:29,0
DA:30,0
DA:33,0
DA:35,0
DA:56,0
DA:57,0
DA:59,0
DA:65,0
LF:11
LH:0
BRDA:15,0,0,0
BRDA:22,1,0,0
BRDA:22,1,1,0
BRDA:33,2,0,0
BRDA:33,2,1,0
BRDA:57,3,0,0
BRDA:57,3,1,0
BRDA:63,4,0,0
BRDA:63,4,1,0
BRDA:70,5,0,0
BRDA:70,5,1,0
BRDA:72,6,0,0
BRDA:72,6,1,0
BRF:13
BRH:0
end_of_record
TN:
SF:src\components\shared\SkeletonBlock.jsx
FN:3,(anonymous_0)
FNF:1
FNH:0
FNDA:0,(anonymous_0)
DA:3,0
DA:9,0
DA:14,0
LF:3
LH:0
BRDA:4,0,0,0
BRDA:5,1,0,0
BRDA:6,2,0,0
BRF:3
BRH:0
end_of_record
TN:
SF:src\components\shared\ThemeSwitcher.jsx
FN:18,(anonymous_0)
FN:39,(anonymous_1)
FN:48,(anonymous_2)
FNF:3
FNH:0
FNDA:0,(anonymous_0)
FNDA:0,(anonymous_1)
FNDA:0,(anonymous_2)
DA:12,0
DA:18,0
DA:19,0
DA:20,0
DA:21,0
DA:23,0
DA:40,0
DA:42,0
DA:48,0
LF:9
LH:0
BRDA:21,0,0,0
BRDA:21,0,1,0
BRDA:46,1,0,0
BRDA:46,1,1,0
BRF:4
BRH:0
end_of_record
TN:
SF:src\components\shared\VirtualizedGrid.jsx
FN:20,(anonymous_0)
FN:35,(anonymous_1)
FN:37,(anonymous_2)
FN:44,(anonymous_3)
FN:49,(anonymous_4)
FN:54,(anonymous_5)
FN:74,(anonymous_6)
FN:86,(anonymous_7)
FNF:8
FNH:0
FNDA:0,(anonymous_0)
FNDA:0,(anonymous_1)
FNDA:0,(anonymous_2)
FNDA:0,(anonymous_3)
FNDA:0,(anonymous_4)
FNDA:0,(anonymous_5)
FNDA:0,(anonymous_6)
FNDA:0,(anonymous_7)
DA:5,0
DA:20,0
DA:31,0
DA:32,0
DA:35,0
DA:37,0
DA:38,0
DA:44,0
DA:46,0
DA:49,0
DA:55,0
DA:59,0
DA:75,0
DA:87,0
DA:99,0
DA:101,0
LF:16
LH:0
BRDA:22,0,0,0
BRDA:27,1,0,0
BRDA:54,2,0,0
BRDA:54,2,1,0
BRDA:54,3,0,0
BRDA:54,3,1,0
BRF:6
BRH:0
end_of_record
TN:
SF:src\components\shared\breadcrumbs.component.jsx
FN:6,(anonymous_0)
FN:23,(anonymous_1)
FNF:2
FNH:0
FNDA:0,(anonymous_0)
FNDA:0,(anonymous_1)
DA:6,0
DA:7,0
DA:8,0
DA:9,0
DA:10,0
DA:11,0
DA:25,0
DA:26,0
DA:39,0
LF:9
LH:0
BRF:0
BRH:0
end_of_record
TN:
SF:src\components\shared\header_table.jsx
FN:8,(anonymous_0)
FN:9,(anonymous_1)
FN:11,(anonymous_2)
FN:28,(anonymous_3)
FN:33,(anonymous_4)
FNF:5
FNH:0
FNDA:0,(anonymous_0)
FNDA:0,(anonymous_1)
FNDA:0,(anonymous_2)
FNDA:0,(anonymous_3)
FNDA:0,(anonymous_4)
DA:8,0
DA:9,0
DA:10,0
DA:11,0
DA:12,0
DA:13,0
DA:15,0
DA:29,0
DA:33,0
DA:56,0
LF:10
LH:0
BRDA:12,0,0,0
BRDA:12,0,1,0
BRDA:12,1,0,0
BRDA:12,1,1,0
BRDA:37,2,0,0
BRDA:37,2,1,0
BRDA:42,3,0,0
BRDA:42,3,1,0
BRDA:42,3,2,0
BRF:9
BRH:0
end_of_record
TN:
SF:src\components\shared\list_tab.component.jsx
FN:4,(anonymous_0)
FN:5,(anonymous_1)
FN:10,(anonymous_2)
FN:14,(anonymous_3)
FNF:4
FNH:0
FNDA:0,(anonymous_0)
FNDA:0,(anonymous_1)
FNDA:0,(anonymous_2)
FNDA:0,(anonymous_3)
DA:4,0
DA:5,0
DA:6,0
DA:11,0
DA:15,0
DA:27,0
LF:6
LH:0
BRF:0
BRH:0
end_of_record
TN:
SF:src\components\shared\loading.component.jsx
FN:2,(anonymous_0)
FNF:1
FNH:0
FNDA:0,(anonymous_0)
DA:2,0
DA:3,0
LF:2
LH:0
BRF:0
BRH:0
end_of_record
TN:
SF:src\components\shared\pagination.component.jsx
FN:7,(anonymous_0)
FN:8,(anonymous_1)
FN:10,(anonymous_2)
FN:13,(anonymous_3)
FN:25,(anonymous_4)
FN:32,(anonymous_5)
FN:42,(anonymous_6)
FNF:7
FNH:0
FNDA:0,(anonymous_0)
FNDA:0,(anonymous_1)
FNDA:0,(anonymous_2)
FNDA:0,(anonymous_3)
FNDA:0,(anonymous_4)
FNDA:0,(anonymous_5)
FNDA:0,(anonymous_6)
DA:7,0
DA:8,0
DA:9,0
DA:10,0
DA:13,0
DA:15,0
DA:25,0
DA:33,0
DA:42,0
DA:54,0
LF:10
LH:0
BRDA:11,0,0,0
BRDA:11,0,1,0
BRDA:12,1,0,0
BRDA:12,1,1,0
BRDA:17,2,0,0
BRDA:17,2,1,0
BRF:6
BRH:0
end_of_record
TN:
SF:src\components\shared\profile_sidebar.component.jsx
FN:9,(anonymous_0)
FN:37,(anonymous_1)
FN:38,(anonymous_2)
FN:46,(anonymous_3)
FNF:4
FNH:0
FNDA:0,(anonymous_0)
FNDA:0,(anonymous_1)
FNDA:0,(anonymous_2)
FNDA:0,(anonymous_3)
DA:9,0
DA:10,0
DA:11,0
DA:38,0
DA:47,0
DA:48,0
DA:62,0
LF:7
LH:0
BRF:0
BRH:0
end_of_record
TN:
SF:src\components\shared\search_sidebar.component.jsx
FN:16,(anonymous_0)
FN:18,(anonymous_1)
FN:19,(anonymous_2)
FN:20,(anonymous_3)
FN:27,(anonymous_4)
FN:43,(anonymous_5)
FN:54,(anonymous_6)
FN:61,(anonymous_7)
FN:75,(anonymous_8)
FN:82,(anonymous_9)
FNF:10
FNH:0
FNDA:0,(anonymous_0)
FNDA:0,(anonymous_1)
FNDA:0,(anonymous_2)
FNDA:0,(anonymous_3)
FNDA:0,(anonymous_4)
FNDA:0,(anonymous_5)
FNDA:0,(anonymous_6)
FNDA:0,(anonymous_7)
FNDA:0,(anonymous_8)
FNDA:0,(anonymous_9)
DA:16,0
DA:18,0
DA:19,0
DA:20,0
DA:21,0
DA:23,0
DA:28,0
DA:43,0
DA:55,0
DA:57,0
DA:61,0
DA:76,0
DA:78,0
DA:82,0
LF:14
LH:0
BRDA:16,0,0,0
BRDA:16,0,1,0
BRDA:28,1,0,0
BRDA:28,1,1,0
BRDA:36,2,0,0
BRDA:36,2,1,0
BRF:6
BRH:0
end_of_record
TN:
SF:src\components\shared\table.component.jsx
FN:17,(anonymous_0)
FN:18,(anonymous_1)
FN:23,(anonymous_2)
FN:36,(anonymous_3)
FN:37,(anonymous_4)
FN:44,(anonymous_5)
FN:45,(anonymous_6)
FN:53,(anonymous_7)
FN:71,(anonymous_8)
FN:78,(anonymous_9)
FN:82,(anonymous_10)
FNF:11
FNH:0
FNDA:0,(anonymous_0)
FNDA:0,(anonymous_1)
FNDA:0,(anonymous_2)
FNDA:0,(anonymous_3)
FNDA:0,(anonymous_4)
FNDA:0,(anonymous_5)
FNDA:0,(anonymous_6)
FNDA:0,(anonymous_7)
FNDA:0,(anonymous_8)
FNDA:0,(anonymous_9)
FNDA:0,(anonymous_10)
DA:14,0
DA:15,0
DA:17,0
DA:18,0
DA:19,0
DA:23,0
DA:36,0
DA:37,0
DA:38,0
DA:39,0
DA:40,0
DA:41,0
DA:42,0
DA:44,0
DA:45,0
DA:48,0
DA:49,0
DA:51,0
DA:52,0
DA:53,0
DA:54,0
DA:55,0
DA:58,0
DA:72,0
DA:74,0
DA:79,0
DA:82,0
DA:127,0
LF:28
LH:0
BRDA:20,0,0,0
BRDA:20,0,1,0
BRDA:20,1,0,0
BRDA:20,1,1,0
BRDA:49,2,0,0
BRDA:49,2,1,0
BRDA:51,3,0,0
BRDA:51,3,1,0
BRDA:64,4,0,0
BRDA:64,4,1,0
BRDA:66,5,0,0
BRDA:66,5,1,0
BRDA:89,6,0,0
BRDA:89,6,1,0
BRDA:89,6,2,0
BRDA:75,7,0,0
BRDA:75,7,1,0
BRDA:106,8,0,0
BRDA:106,8,1,0
BRF:19
BRH:0
end_of_record
TN:
SF:src\components\shared\admin\admin_navbar.component.jsx
FN:11,(anonymous_0)
FN:14,(anonymous_1)
FN:43,(anonymous_2)
FN:73,(anonymous_3)
FN:76,(anonymous_4)
FN:76,(anonymous_5)
FN:78,(anonymous_6)
FN:79,(anonymous_7)
FNF:8
FNH:0
FNDA:0,(anonymous_0)
FNDA:0,(anonymous_1)
FNDA:0,(anonymous_2)
FNDA:0,(anonymous_3)
FNDA:0,(anonymous_4)
FNDA:0,(anonymous_5)
FNDA:0,(anonymous_6)
FNDA:0,(anonymous_7)
DA:11,0
DA:12,0
DA:14,0
DA:15,0
DA:16,0
DA:18,0
DA:44,0
DA:45,0
DA:73,0
DA:74,0
DA:76,0
DA:78,0
DA:79,0
DA:82,0
LF:14
LH:0
BRDA:15,0,0,0
BRDA:15,0,1,0
BRDA:32,1,0,0
BRDA:32,1,1,0
BRDA:38,2,0,0
BRDA:38,2,1,0
BRDA:50,3,0,0
BRDA:50,3,1,0
BRDA:54,4,0,0
BRDA:54,4,1,0
BRDA:61,5,0,0
BRDA:61,5,1,0
BRDA:79,6,0,0
BRDA:79,6,1,0
BRF:14
BRH:0
end_of_record
TN:
SF:src\components\shared\admin\admin_pagination.component.jsx
FN:7,(anonymous_0)
FN:8,(anonymous_1)
FN:10,(anonymous_2)
FN:13,(anonymous_3)
FN:25,(anonymous_4)
FN:32,(anonymous_5)
FN:42,(anonymous_6)
FNF:7
FNH:0
FNDA:0,(anonymous_0)
FNDA:0,(anonymous_1)
FNDA:0,(anonymous_2)
FNDA:0,(anonymous_3)
FNDA:0,(anonymous_4)
FNDA:0,(anonymous_5)
FNDA:0,(anonymous_6)
DA:7,0
DA:8,0
DA:9,0
DA:10,0
DA:13,0
DA:15,0
DA:25,0
DA:33,0
DA:42,0
DA:54,0
LF:10
LH:0
BRDA:11,0,0,0
BRDA:11,0,1,0
BRDA:12,1,0,0
BRDA:12,1,1,0
BRDA:17,2,0,0
BRDA:17,2,1,0
BRF:6
BRH:0
end_of_record
TN:
SF:src\components\shared\admin\setting_button.component.jsx
FN:10,(anonymous_0)
FN:35,(anonymous_1)
FN:53,(anonymous_2)
FNF:3
FNH:0
FNDA:0,(anonymous_0)
FNDA:0,(anonymous_1)
FNDA:0,(anonymous_2)
DA:10,0
DA:21,0
DA:22,0
DA:36,0
DA:54,0
DA:67,0
LF:6
LH:0
BRDA:25,0,0,0
BRDA:25,0,1,0
BRDA:27,1,0,0
BRDA:27,1,1,0
BRDA:29,2,0,0
BRDA:29,2,1,0
BRDA:44,3,0,0
BRDA:44,3,1,0
BRDA:46,4,0,0
BRDA:46,4,1,0
BRDA:48,5,0,0
BRDA:48,5,1,0
BRF:12
BRH:0
end_of_record
TN:
SF:src\components\shared\shop\Banner.jsx
FN:13,(anonymous_0)
FN:15,(anonymous_1)
FN:37,(anonymous_2)
FN:73,(anonymous_3)
FN:87,(anonymous_4)
FN:122,(anonymous_5)
FN:126,(anonymous_6)
FN:127,(anonymous_7)
FN:129,(anonymous_8)
FN:136,(anonymous_9)
FN:137,(anonymous_10)
FNF:11
FNH:0
FNDA:0,(anonymous_0)
FNDA:0,(anonymous_1)
FNDA:0,(anonymous_2)
FNDA:0,(anonymous_3)
FNDA:0,(anonymous_4)
FNDA:0,(anonymous_5)
FNDA:0,(anonymous_6)
FNDA:0,(anonymous_7)
FNDA:0,(anonymous_8)
FNDA:0,(anonymous_9)
FNDA:0,(anonymous_10)
DA:13,0
DA:15,0
DA:16,0
DA:38,0
DA:57,0
DA:73,0
DA:74,0
DA:75,0
DA:77,0
DA:87,0
DA:88,0
DA:111,0
DA:122,0
DA:123,0
DA:124,0
DA:126,0
DA:127,0
DA:128,0
DA:129,0
DA:132,0
DA:136,0
DA:137,0
LF:22
LH:0
BRDA:32,0,0,0
BRDA:32,0,1,0
BRDA:41,1,0,0
BRDA:41,1,1,0
BRDA:45,2,0,0
BRDA:45,2,1,0
BRDA:48,3,0,0
BRDA:48,3,1,0
BRDA:39,4,0,0
BRDA:39,4,1,0
BRDA:92,5,0,0
BRDA:92,5,1,0
BRF:12
BRH:0
end_of_record
TN:
SF:src\components\shared\shop\BrandFilter.jsx
FN:4,(anonymous_0)
FN:19,(anonymous_1)
FNF:2
FNH:0
FNDA:0,(anonymous_0)
FNDA:0,(anonymous_1)
DA:4,0
DA:5,0
DA:15,0
DA:20,0
LF:4
LH:0
BRF:0
BRH:0
end_of_record
TN:
SF:src\components\shared\shop\CategoryFilter.jsx
FN:4,(anonymous_0)
FN:19,(anonymous_1)
FNF:2
FNH:0
FNDA:0,(anonymous_0)
FNDA:0,(anonymous_1)
DA:4,0
DA:5,0
DA:15,0
DA:20,0
LF:4
LH:0
BRF:0
BRH:0
end_of_record
TN:
SF:src\components\shared\shop\Footer.jsx
FN:10,(anonymous_0)
FN:17,(anonymous_1)
FN:20,(anonymous_2)
FN:42,(anonymous_3)
FN:84,(anonymous_4)
FNF:5
FNH:0
FNDA:0,(anonymous_0)
FNDA:0,(anonymous_1)
FNDA:0,(anonymous_2)
FNDA:0,(anonymous_3)
FNDA:0,(anonymous_4)
DA:5,0
DA:8,0
DA:10,0
DA:11,0
DA:18,0
DA:21,0
DA:43,0
DA:61,0
DA:84,0
DA:85,0
DA:87,0
LF:11
LH:0
BRF:0
BRH:0
end_of_record
TN:
SF:src\components\shared\shop\HomeProductList.jsx
FN:12,(anonymous_0)
FN:24,(anonymous_1)
FN:49,(anonymous_2)
FNF:3
FNH:0
FNDA:0,(anonymous_0)
FNDA:0,(anonymous_1)
FNDA:0,(anonymous_2)
DA:12,0
DA:13,0
DA:14,0
DA:16,0
DA:24,0
DA:50,0
DA:59,0
LF:7
LH:0
BRF:0
BRH:0
end_of_record
TN:
SF:src\components\shared\shop\NavbarWithSublist.jsx
FN:39,(anonymous_0)
FN:41,(anonymous_1)
FN:57,(anonymous_2)
FN:59,(anonymous_3)
FN:70,(anonymous_4)
FN:71,(anonymous_5)
FN:89,(anonymous_6)
FN:98,(anonymous_7)
FN:114,(anonymous_8)
FN:115,(anonymous_9)
FN:155,(anonymous_10)
FN:183,(anonymous_11)
FN:201,(anonymous_12)
FN:209,(anonymous_13)
FN:251,(anonymous_14)
FN:270,(anonymous_15)
FN:372,(anonymous_16)
FN:377,(anonymous_17)
FN:378,(anonymous_18)
FN:380,(anonymous_19)
FN:387,(anonymous_20)
FN:391,(anonymous_21)
FN:398,(anonymous_22)
FN:398,(anonymous_23)
FNF:24
FNH:0
FNDA:0,(anonymous_0)
FNDA:0,(anonymous_1)
FNDA:0,(anonymous_2)
FNDA:0,(anonymous_3)
FNDA:0,(anonymous_4)
FNDA:0,(anonymous_5)
FNDA:0,(anonymous_6)
FNDA:0,(anonymous_7)
FNDA:0,(anonymous_8)
FNDA:0,(anonymous_9)
FNDA:0,(anonymous_10)
FNDA:0,(anonymous_11)
FNDA:0,(anonymous_12)
FNDA:0,(anonymous_13)
FNDA:0,(anonymous_14)
FNDA:0,(anonymous_15)
FNDA:0,(anonymous_16)
FNDA:0,(anonymous_17)
FNDA:0,(anonymous_18)
FNDA:0,(anonymous_19)
FNDA:0,(anonymous_20)
FNDA:0,(anonymous_21)
FNDA:0,(anonymous_22)
FNDA:0,(anonymous_23)
DA:39,0
DA:41,0
DA:42,0
DA:57,0
DA:58,0
DA:60,0
DA:70,0
DA:71,0
DA:72,0
DA:79,0
DA:89,0
DA:90,0
DA:91,0
DA:92,0
DA:93,0
DA:95,0
DA:97,0
DA:98,0
DA:100,0
DA:115,0
DA:116,0
DA:142,0
DA:155,0
DA:156,0
DA:171,0
DA:183,0
DA:184,0
DA:185,0
DA:186,0
DA:187,0
DA:188,0
DA:189,0
DA:191,0
DA:192,0
DA:193,0
DA:196,0
DA:198,0
DA:201,0
DA:202,0
DA:210,0
DA:231,0
DA:251,0
DA:252,0
DA:253,0
DA:254,0
DA:256,0
DA:266,0
DA:270,0
DA:271,0
DA:360,0
DA:372,0
DA:373,0
DA:374,0
DA:375,0
DA:377,0
DA:378,0
DA:379,0
DA:380,0
DA:383,0
DA:387,0
DA:388,0
DA:391,0
DA:393,0
DA:398,0
LF:64
LH:0
BRDA:95,0,0,0
BRDA:95,0,1,0
BRDA:113,1,0,0
BRDA:113,1,1,0
BRDA:122,2,0,0
BRDA:122,2,1,0
BRDA:126,3,0,0
BRDA:126,3,1,0
BRDA:188,4,0,0
BRDA:188,4,1,0
BRDA:191,5,0,0
BRDA:191,5,1,0
BRDA:191,6,0,0
BRDA:191,6,1,0
BRDA:196,7,0,0
BRDA:196,7,1,0
BRDA:196,8,0,0
BRDA:196,8,1,0
BRDA:213,9,0,0
BRDA:213,9,1,0
BRDA:333,10,0,0
BRDA:333,10,1,0
BRDA:335,11,0,0
BRDA:335,11,1,0
BRDA:378,12,0,0
BRDA:378,12,1,0
BRDA:388,13,0,0
BRDA:388,13,1,0
BRF:28
BRH:0
end_of_record
TN:
SF:src\components\shared\shop\ProductCard.jsx
FN:19,(anonymous_0)
FNF:1
FNH:0
FNDA:0,(anonymous_0)
DA:19,0
DA:20,0
DA:22,0
DA:23,0
DA:24,0
DA:25,0
DA:26,0
DA:27,0
DA:30,0
DA:34,0
DA:76,0
DA:78,0
LF:12
LH:0
BRDA:19,0,0,0
BRDA:22,1,0,0
BRDA:22,1,1,0
BRDA:22,1,2,0
BRDA:23,2,0,0
BRDA:23,2,1,0
BRDA:23,2,2,0
BRDA:24,3,0,0
BRDA:24,3,1,0
BRDA:24,3,2,0
BRDA:25,4,0,0
BRDA:25,4,1,0
BRDA:25,4,2,0
BRDA:30,5,0,0
BRDA:30,5,1,0
BRDA:59,6,0,0
BRDA:59,6,1,0
BRDA:64,7,0,0
BRDA:64,7,1,0
BRF:19
BRH:0
end_of_record
TN:
SF:src\components\shared\shop\ProductFilter.jsx
FN:13,(anonymous_0)
FN:26,(anonymous_1)
FN:37,(anonymous_2)
FN:41,(anonymous_3)
FN:50,(anonymous_4)
FN:57,(anonymous_5)
FN:89,(anonymous_6)
FN:99,(anonymous_7)
FN:100,(anonymous_8)
FN:102,(anonymous_9)
FN:102,(anonymous_10)
FNF:11
FNH:0
FNDA:0,(anonymous_0)
FNDA:0,(anonymous_1)
FNDA:0,(anonymous_2)
FNDA:0,(anonymous_3)
FNDA:0,(anonymous_4)
FNDA:0,(anonymous_5)
FNDA:0,(anonymous_6)
FNDA:0,(anonymous_7)
FNDA:0,(anonymous_8)
FNDA:0,(anonymous_9)
FNDA:0,(anonymous_10)
DA:13,0
DA:23,0
DA:27,0
DA:38,0
DA:41,0
DA:51,0
DA:57,0
DA:64,0
DA:89,0
DA:90,0
DA:91,0
DA:92,0
DA:94,0
DA:100,0
DA:102,0
LF:15
LH:0
BRDA:40,0,0,0
BRDA:40,0,1,0
BRDA:55,1,0,0
BRDA:55,1,1,0
BRF:4
BRH:0
end_of_record
TN:
SF:src\components\shared\shop\ShopList.jsx
FN:25,(anonymous_0)
FN:34,(anonymous_1)
FN:39,(anonymous_2)
FN:40,(anonymous_3)
FN:41,(anonymous_4)
FNF:5
FNH:0
FNDA:0,(anonymous_0)
FNDA:0,(anonymous_1)
FNDA:0,(anonymous_2)
FNDA:0,(anonymous_3)
FNDA:0,(anonymous_4)
DA:10,0
DA:11,0
DA:25,0
DA:26,0
DA:27,0
DA:28,0
DA:30,0
DA:31,0
DA:34,0
DA:35,0
DA:39,0
DA:40,0
DA:41,0
DA:43,0
DA:98,0
DA:100,0
LF:16
LH:0
BRF:0
BRH:0
end_of_record
TN:
SF:src\components\shared\shop\banner.helpers.js
FN:1,(anonymous_0)
FN:3,(anonymous_1)
FN:4,(anonymous_2)
FN:11,(anonymous_3)
FNF:4
FNH:4
FNDA:4,(anonymous_0)
FNDA:1,(anonymous_1)
FNDA:2,(anonymous_2)
FNDA:1,(anonymous_3)
DA:1,4
DA:3,1
DA:4,2
DA:11,1
LF:4
LH:4
BRDA:6,0,0,1
BRDA:6,0,1,1
BRDA:8,1,0,2
BRDA:8,1,1,0
BRF:4
BRH:3
end_of_record
TN:
SF:src\components\shared\shop\footer.config.js
FN:65,(anonymous_0)
FNF:1
FNH:1
FNDA:1,(anonymous_0)
DA:6,1
DA:42,1
DA:65,1
LF:3
LH:3
BRF:0
BRH:0
end_of_record
TN:
SF:src\components\shared\shop\navbar.helpers.js
FN:5,(anonymous_0)
FN:7,(anonymous_1)
FN:14,(anonymous_2)
FN:17,(anonymous_3)
FN:19,(anonymous_4)
FN:21,(anonymous_5)
FN:28,(anonymous_6)
FN:29,(anonymous_7)
FN:43,(anonymous_8)
FN:54,(anonymous_9)
FNF:10
FNH:10
FNDA:2,(anonymous_0)
FNDA:3,(anonymous_1)
FNDA:2,(anonymous_2)
FNDA:1,(anonymous_3)
FNDA:2,(anonymous_4)
FNDA:2,(anonymous_5)
FNDA:1,(anonymous_6)
FNDA:1,(anonymous_7)
FNDA:1,(anonymous_8)
FNDA:1,(anonymous_9)
DA:1,1
DA:3,1
DA:5,2
DA:7,1
DA:8,3
DA:10,3
DA:11,2
DA:14,1
DA:15,2
DA:17,1
DA:19,2
DA:21,1
DA:22,2
DA:23,2
DA:25,2
DA:28,1
DA:29,1
DA:30,1
DA:31,1
DA:33,1
DA:43,1
DA:54,1
LF:22
LH:22
BRDA:5,0,0,1
BRDA:5,0,1,1
BRDA:8,1,0,3
BRDA:8,1,1,0
BRDA:10,2,0,1
BRDA:10,2,1,2
BRDA:11,3,0,1
BRDA:11,3,1,1
BRDA:15,4,0,2
BRDA:15,4,1,0
BRDA:17,5,0,1
BRDA:17,5,1,0
BRDA:19,6,0,1
BRDA:19,6,1,1
BRDA:22,7,0,2
BRDA:22,7,1,0
BRDA:23,8,0,2
BRDA:23,8,1,0
BRDA:31,9,0,1
BRDA:31,9,1,0
BRDA:35,10,0,1
BRDA:35,10,1,0
BRF:22
BRH:15
end_of_record
TN:
SF:src\components\shared\shop\productFilter.config.js
FN:14,(anonymous_0)
FN:19,(anonymous_1)
FN:22,(anonymous_2)
FN:28,(anonymous_3)
FN:29,(anonymous_4)
FN:34,(anonymous_5)
FN:35,(anonymous_6)
FNF:7
FNH:7
FNDA:4,(anonymous_0)
FNDA:3,(anonymous_1)
FNDA:1,(anonymous_2)
FNDA:1,(anonymous_3)
FNDA:6,(anonymous_4)
FNDA:1,(anonymous_5)
FNDA:4,(anonymous_6)
DA:3,1
DA:12,1
DA:14,4
DA:19,1
DA:20,3
DA:22,1
DA:28,1
DA:29,6
DA:34,1
DA:35,4
LF:10
LH:10
BRDA:20,0,0,1
BRDA:20,0,1,2
BRF:2
BRH:2
end_of_record
TN:
SF:src\components\shop\checkout_step_1.component.jsx
FN:14,(anonymous_0)
FN:30,(anonymous_1)
FN:57,(anonymous_2)
FN:66,(anonymous_3)
FN:125,(anonymous_4)
FN:142,(anonymous_5)
FN:159,(anonymous_6)
FN:183,(anonymous_7)
FN:192,(anonymous_8)
FN:205,(anonymous_9)
FNF:10
FNH:0
FNDA:0,(anonymous_0)
FNDA:0,(anonymous_1)
FNDA:0,(anonymous_2)
FNDA:0,(anonymous_3)
FNDA:0,(anonymous_4)
FNDA:0,(anonymous_5)
FNDA:0,(anonymous_6)
FNDA:0,(anonymous_7)
FNDA:0,(anonymous_8)
FNDA:0,(anonymous_9)
DA:14,0
DA:15,0
DA:17,0
DA:18,0
DA:19,0
DA:20,0
DA:21,0
DA:30,0
DA:57,0
DA:66,0
DA:125,0
DA:142,0
DA:159,0
DA:183,0
DA:192,0
DA:205,0
LF:16
LH:0
BRDA:15,0,0,0
BRDA:15,0,1,0
BRDA:29,1,0,0
BRDA:29,1,1,0
BRDA:76,2,0,0
BRDA:76,2,1,0
BRF:6
BRH:0
end_of_record
TN:
SF:src\components\shop\checkout_step_2.component.jsx
FN:9,(anonymous_0)
FNF:1
FNH:0
FNDA:0,(anonymous_0)
DA:9,0
DA:10,0
DA:11,0
LF:3
LH:0
BRF:0
BRH:0
end_of_record
TN:
SF:src\components\shop\checkout_step_3.component.jsx
FN:4,(anonymous_0)
FNF:1
FNH:0
FNDA:0,(anonymous_0)
DA:4,0
DA:5,0
DA:6,0
LF:3
LH:0
BRDA:6,0,0,0
BRDA:6,0,1,0
BRF:2
BRH:0
end_of_record
TN:
SF:src\components\shop\login.component.jsx
FNF:0
FNH:0
LF:0
LH:0
BRF:0
BRH:0
end_of_record
TN:
SF:src\components\shop\order.component.jsx
FN:65,(anonymous_0)
FN:88,(anonymous_1)
FNF:2
FNH:0
FNDA:0,(anonymous_0)
FNDA:0,(anonymous_1)
DA:17,0
DA:65,0
DA:66,0
DA:67,0
DA:89,0
DA:90,0
DA:92,0
LF:7
LH:0
BRDA:90,0,0,0
BRDA:90,0,1,0
BRDA:113,1,0,0
BRDA:113,1,1,0
BRDA:115,2,0,0
BRDA:115,2,1,0
BRDA:117,3,0,0
BRDA:117,3,1,0
BRDA:119,4,0,0
BRDA:119,4,1,0
BRF:10
BRH:0
end_of_record
TN:
SF:src\components\shop\rating_product.component.jsx
FN:12,(anonymous_0)
FNF:1
FNH:0
FNDA:0,(anonymous_0)
DA:12,0
DA:13,0
DA:15,0
LF:3
LH:0
BRDA:26,0,0,0
BRDA:26,0,1,0
BRF:2
BRH:0
end_of_record
TN:
SF:src\components\shop\register.component.jsx
FNF:0
FNH:0
LF:0
LH:0
BRF:0
BRH:0
end_of_record
TN:
SF:src\components\shop\seen_product.component.jsx
FN:5,(anonymous_0)
FNF:1
FNH:0
FNDA:0,(anonymous_0)
DA:5,0
DA:6,0
LF:2
LH:0
BRF:0
BRH:0
end_of_record
TN:
SF:src\components\shop\user_info.component.jsx
FN:41,(anonymous_0)
FN:57,(anonymous_1)
FN:61,(anonymous_2)
FN:65,(anonymous_3)
FN:68,(anonymous_4)
FN:75,(anonymous_5)
FN:88,(anonymous_6)
FN:94,(anonymous_7)
FN:112,(anonymous_8)
FN:126,(anonymous_9)
FN:183,(anonymous_10)
FN:197,(anonymous_11)
FN:215,(anonymous_12)
FN:265,(anonymous_13)
FN:279,(anonymous_14)
FN:293,(anonymous_15)
FN:416,(anonymous_16)
FN:478,(anonymous_17)
FN:486,(anonymous_18)
FN:494,(anonymous_19)
FNF:20
FNH:0
FNDA:0,(anonymous_0)
FNDA:0,(anonymous_1)
FNDA:0,(anonymous_2)
FNDA:0,(anonymous_3)
FNDA:0,(anonymous_4)
FNDA:0,(anonymous_5)
FNDA:0,(anonymous_6)
FNDA:0,(anonymous_7)
FNDA:0,(anonymous_8)
FNDA:0,(anonymous_9)
FNDA:0,(anonymous_10)
FNDA:0,(anonymous_11)
FNDA:0,(anonymous_12)
FNDA:0,(anonymous_13)
FNDA:0,(anonymous_14)
FNDA:0,(anonymous_15)
FNDA:0,(anonymous_16)
FNDA:0,(anonymous_17)
FNDA:0,(anonymous_18)
FNDA:0,(anonymous_19)
DA:41,0
DA:42,0
DA:43,0
DA:44,0
DA:45,0
DA:46,0
DA:47,0
DA:48,0
DA:49,0
DA:50,0
DA:51,0
DA:52,0
DA:53,0
DA:54,0
DA:55,0
DA:56,0
DA:57,0
DA:58,0
DA:61,0
DA:62,0
DA:64,0
DA:65,0
DA:66,0
DA:68,0
DA:69,0
DA:71,0
DA:73,0
DA:75,0
DA:76,0
DA:77,0
DA:78,0
DA:80,0
DA:81,0
DA:82,0
DA:83,0
DA:86,0
DA:87,0
DA:88,0
DA:89,0
DA:90,0
DA:91,0
DA:92,0
DA:94,0
DA:95,0
DA:96,0
DA:100,0
DA:102,0
DA:103,0
DA:108,0
DA:109,0
DA:113,0
DA:114,0
DA:115,0
DA:116,0
DA:120,0
DA:126,0
DA:127,0
DA:128,0
DA:138,0
DA:139,0
DA:145,0
DA:151,0
DA:183,0
DA:197,0
DA:215,0
DA:265,0
DA:279,0
DA:293,0
DA:417,0
DA:478,0
DA:486,0
DA:494,0
LF:72
LH:0
BRDA:76,0,0,0
BRDA:76,0,1,0
BRDA:86,1,0,0
BRDA:86,1,1,0
BRDA:87,2,0,0
BRDA:87,2,1,0
BRDA:95,3,0,0
BRDA:95,3,1,0
BRDA:108,4,0,0
BRDA:108,4,1,0
BRDA:111,5,0,0
BRDA:111,5,1,0
BRDA:122,6,0,0
BRDA:122,6,1,0
BRDA:135,7,0,0
BRDA:135,7,1,0
BRDA:136,8,0,0
BRDA:136,8,1,0
BRDA:138,9,0,0
BRDA:138,9,1,0
BRDA:141,10,0,0
BRDA:141,10,1,0
BRDA:147,11,0,0
BRDA:147,11,1,0
BRDA:166,12,0,0
BRDA:166,12,1,0
BRDA:248,13,0,0
BRDA:248,13,1,0
BRDA:251,14,0,0
BRDA:251,14,1,0
BRDA:313,15,0,0
BRDA:313,15,1,0
BRDA:326,16,0,0
BRDA:326,16,1,0
BRDA:403,17,0,0
BRDA:403,17,1,0
BRDA:502,18,0,0
BRDA:502,18,1,0
BRDA:502,18,2,0
BRDA:502,18,3,0
BRF:40
BRH:0
end_of_record
TN:
SF:src\components\shop\voucer.component.jsx
FN:10,(anonymous_0)
FNF:1
FNH:0
FNDA:0,(anonymous_0)
DA:10,0
DA:11,0
DA:12,0
DA:14,0
DA:15,0
DA:16,0
DA:17,0
LF:7
LH:0
BRDA:15,0,0,0
BRDA:15,0,1,0
BRDA:15,1,0,0
BRDA:15,1,1,0
BRDA:16,2,0,0
BRDA:16,2,1,0
BRDA:16,3,0,0
BRDA:16,3,1,0
BRDA:28,4,0,0
BRDA:28,4,1,0
BRF:10
BRH:0
end_of_record
TN:
SF:src\components\shop\wishlist.component.jsx
FN:6,(anonymous_0)
FNF:1
FNH:0
FNDA:0,(anonymous_0)
DA:6,0
DA:7,0
LF:2
LH:0
BRF:0
BRH:0
end_of_record
TN:
SF:src\configs\api.config.js
FNF:0
FNH:0
DA:1,0
DA:2,0
DA:3,0
LF:3
LH:0
BRF:0
BRH:0
end_of_record
TN:
SF:src\configs\sweetalert2.config.jsx
FN:13,(anonymous_0)
FNF:1
FNH:0
FNDA:0,(anonymous_0)
DA:4,0
DA:14,0
DA:15,0
LF:3
LH:0
BRF:0
BRH:0
end_of_record
TN:
SF:src\constants\chart_theme.constant.js
FN:11,(anonymous_0)
FN:22,(anonymous_1)
FN:28,(anonymous_2)
FNF:3
FNH:3
FNDA:2,(anonymous_0)
FNDA:2,(anonymous_1)
FNDA:1,(anonymous_2)
DA:1,1
DA:9,1
DA:11,1
DA:12,2
DA:14,2
DA:19,2
DA:22,1
DA:23,2
DA:25,2
DA:28,1
DA:29,1
DA:31,1
LF:12
LH:12
BRDA:12,0,0,0
BRDA:12,0,1,2
BRDA:19,1,0,2
BRDA:19,1,1,1
BRF:4
BRH:3
end_of_record
TN:
SF:src\constants\head_table.constant.jsx
FNF:0
FNH:0
DA:3,0
DA:11,0
DA:18,0
DA:27,0
DA:33,0
DA:41,0
DA:72,0
DA:101,0
DA:106,0
DA:113,0
DA:118,0
DA:122,0
DA:126,0
DA:132,0
DA:138,0
DA:143,0
DA:151,0
LF:17
LH:0
BRF:0
BRH:0
end_of_record
TN:
SF:src\constants\input_sale.constant.jsx
FNF:0
FNH:0
DA:1,0
LF:1
LH:0
BRF:0
BRH:0
end_of_record
TN:
SF:src\constants\menu_item.constant.jsx
FNF:0
FNH:0
DA:13,0
DA:40,0
DA:121,0
DA:147,0
DA:148,0
LF:5
LH:0
BRF:0
BRH:0
end_of_record
TN:
SF:src\constants\notification.constant.jsx
FNF:0
FNH:0
DA:3,0
DA:25,0
DA:47,0
DA:53,0
DA:74,0
LF:5
LH:0
BRF:0
BRH:0
end_of_record
TN:
SF:src\constants\product_color.constant.js
FNF:0
FNH:0
DA:1,2
DA:8,2
LF:2
LH:2
BRF:0
BRH:0
end_of_record
TN:
SF:src\constants\sidebar_search.constant.jsx
FN:10,(anonymous_0)
FN:11,(anonymous_1)
FN:12,(anonymous_2)
FN:13,(anonymous_3)
FN:14,(anonymous_4)
FN:15,(anonymous_5)
FN:16,(anonymous_6)
FN:17,(anonymous_7)
FN:18,(anonymous_8)
FN:19,(anonymous_9)
FN:20,(anonymous_10)
FN:21,(anonymous_11)
FN:22,(anonymous_12)
FN:23,(anonymous_13)
FN:24,(anonymous_14)
FN:25,(anonymous_15)
FN:81,(anonymous_16)
FN:83,(anonymous_17)
FN:84,(anonymous_18)
FNF:19
FNH:0
FNDA:0,(anonymous_0)
FNDA:0,(anonymous_1)
FNDA:0,(anonymous_2)
FNDA:0,(anonymous_3)
FNDA:0,(anonymous_4)
FNDA:0,(anonymous_5)
FNDA:0,(anonymous_6)
FNDA:0,(anonymous_7)
FNDA:0,(anonymous_8)
FNDA:0,(anonymous_9)
FNDA:0,(anonymous_10)
FNDA:0,(anonymous_11)
FNDA:0,(anonymous_12)
FNDA:0,(anonymous_13)
FNDA:0,(anonymous_14)
FNDA:0,(anonymous_15)
FNDA:0,(anonymous_16)
FNDA:0,(anonymous_17)
FNDA:0,(anonymous_18)
DA:10,0
DA:11,0
DA:12,0
DA:13,0
DA:14,0
DA:15,0
DA:16,0
DA:17,0
DA:18,0
DA:19,0
DA:20,0
DA:21,0
DA:22,0
DA:23,0
DA:24,0
DA:25,0
DA:27,0
DA:81,0
DA:83,0
DA:84,0
LF:20
LH:0
BRDA:84,0,0,0
BRDA:84,0,1,0
BRF:2
BRH:0
end_of_record
TN:
SF:src\constants\slide.constant.js
FNF:0
FNH:0
DA:1,0
DA:7,0
DA:8,0
LF:3
LH:0
BRF:0
BRH:0
end_of_record
TN:
SF:src\constants\tab.constant.js
FNF:0
FNH:0
DA:1,0
DA:27,0
DA:37,0
DA:47,0
LF:4
LH:0
BRF:0
BRH:0
end_of_record
TN:
SF:src\currency\CurrencyProvider.jsx
FN:22,(anonymous_0)
FN:35,(anonymous_1)
FN:41,(anonymous_2)
FN:62,(anonymous_3)
FN:73,(anonymous_4)
FN:92,(anonymous_5)
FN:96,(anonymous_6)
FN:100,(anonymous_7)
FN:106,(anonymous_8)
FN:111,(anonymous_9)
FN:114,(anonymous_10)
FN:152,(anonymous_11)
FNF:12
FNH:0
FNDA:0,(anonymous_0)
FNDA:0,(anonymous_1)
FNDA:0,(anonymous_2)
FNDA:0,(anonymous_3)
FNDA:0,(anonymous_4)
FNDA:0,(anonymous_5)
FNDA:0,(anonymous_6)
FNDA:0,(anonymous_7)
FNDA:0,(anonymous_8)
FNDA:0,(anonymous_9)
FNDA:0,(anonymous_10)
FNDA:0,(anonymous_11)
DA:18,0
DA:20,0
DA:22,0
DA:23,0
DA:25,0
DA:26,0
DA:28,0
DA:29,0
DA:31,0
DA:35,0
DA:36,0
DA:38,0
DA:41,0
DA:42,0
DA:44,0
DA:45,0
DA:48,0
DA:49,0
DA:51,0
DA:52,0
DA:55,0
DA:62,0
DA:63,0
DA:64,0
DA:65,0
DA:66,0
DA:69,0
DA:70,0
DA:71,0
DA:73,0
DA:74,0
DA:76,0
DA:77,0
DA:79,0
DA:80,0
DA:81,0
DA:82,0
DA:83,0
DA:85,0
DA:86,0
DA:88,0
DA:92,0
DA:93,0
DA:94,0
DA:96,0
DA:97,0
DA:100,0
DA:101,0
DA:102,0
DA:106,0
DA:107,0
DA:108,0
DA:109,0
DA:111,0
DA:112,0
DA:114,0
DA:115,0
DA:116,0
DA:118,0
DA:122,0
DA:129,0
DA:145,0
DA:148,0
DA:152,0
DA:153,0
DA:155,0
DA:156,0
DA:159,0
LF:68
LH:0
BRDA:23,0,0,0
BRDA:23,0,1,0
BRDA:28,1,0,0
BRDA:28,1,1,0
BRDA:36,2,0,0
BRDA:36,2,1,0
BRDA:44,3,0,0
BRDA:44,3,1,0
BRDA:51,4,0,0
BRDA:51,4,1,0
BRDA:65,5,0,0
BRDA:65,5,1,0
BRDA:67,6,0,0
BRDA:67,6,1,0
BRDA:67,6,2,0
BRDA:73,7,0,0
BRDA:74,8,0,0
BRDA:76,9,0,0
BRDA:76,9,1,0
BRDA:82,10,0,0
BRDA:82,10,1,0
BRDA:85,11,0,0
BRDA:85,11,1,0
BRDA:88,12,0,0
BRDA:88,12,1,0
BRDA:108,13,0,0
BRDA:108,13,1,0
BRDA:109,14,0,0
BRDA:109,14,1,0
BRDA:111,15,0,0
BRDA:114,16,0,0
BRDA:116,17,0,0
BRDA:116,17,1,0
BRDA:118,18,0,0
BRDA:118,18,1,0
BRDA:118,19,0,0
BRDA:118,19,1,0
BRDA:138,20,0,0
BRDA:138,20,1,0
BRDA:155,21,0,0
BRDA:155,21,1,0
BRF:41
BRH:0
end_of_record
TN:
SF:src\currency\currency.config.js
FN:18,(anonymous_0)
FN:21,(anonymous_1)
FN:25,(anonymous_2)
FN:31,(anonymous_3)
FN:34,(anonymous_4)
FN:45,(anonymous_5)
FN:52,(anonymous_6)
FN:59,(anonymous_7)
FNF:8
FNH:8
FNDA:3,(anonymous_0)
FNDA:4,(anonymous_1)
FNDA:9,(anonymous_2)
FNDA:2,(anonymous_3)
FNDA:1,(anonymous_4)
FNDA:4,(anonymous_5)
FNDA:1,(anonymous_6)
FNDA:2,(anonymous_7)
DA:1,1
DA:2,1
DA:3,1
DA:4,1
DA:5,1
DA:7,1
DA:16,1
DA:18,1
DA:19,3
DA:21,1
DA:22,4
DA:24,3
DA:26,9
DA:31,1
DA:32,2
DA:34,1
DA:35,1
DA:36,0
DA:39,1
DA:45,1
DA:46,4
DA:48,3
DA:49,4
DA:52,1
DA:53,1
DA:54,1
DA:56,1
DA:59,1
DA:60,2
DA:62,2
LF:30
LH:29
BRDA:19,0,0,3
BRDA:19,0,1,1
BRDA:21,1,0,4
BRDA:22,2,0,1
BRDA:22,2,1,3
BRDA:25,3,0,3
BRDA:25,3,1,1
BRDA:32,4,0,1
BRDA:32,4,1,1
BRDA:35,5,0,0
BRDA:35,5,1,1
BRDA:35,6,0,1
BRDA:35,6,1,1
BRDA:35,6,2,1
BRDA:46,7,0,1
BRDA:46,7,1,3
BRDA:49,8,0,2
BRDA:49,8,1,1
BRDA:49,9,0,4
BRDA:49,9,1,2
BRDA:53,10,0,1
BRDA:53,10,1,0
BRDA:54,11,0,1
BRDA:54,11,1,0
BRDA:67,12,0,2
BRDA:67,12,1,0
BRF:26
BRH:22
end_of_record
TN:
SF:src\currency\index.js
FNF:0
FNH:0
LF:0
LH:0
BRF:0
BRH:0
end_of_record
TN:
SF:src\features\slices\active.slice.js
FN:11,(anonymous_0)
FN:14,(anonymous_1)
FN:17,(anonymous_2)
FNF:3
FNH:0
FNDA:0,(anonymous_0)
FNDA:0,(anonymous_1)
FNDA:0,(anonymous_2)
DA:3,0
DA:7,0
DA:12,0
DA:15,0
DA:18,0
DA:23,0
LF:6
LH:0
BRF:0
BRH:0
end_of_record
TN:
SF:src\features\slices\avatar_url.slice.js
FN:12,(anonymous_0)
FN:16,(anonymous_1)
FN:21,(anonymous_2)
FNF:3
FNH:0
FNDA:0,(anonymous_0)
FNDA:0,(anonymous_1)
FNDA:0,(anonymous_2)
DA:4,0
DA:8,0
DA:13,0
DA:14,0
DA:17,0
DA:18,0
DA:19,0
DA:22,0
DA:23,0
DA:28,0
LF:10
LH:0
BRF:0
BRH:0
end_of_record
TN:
SF:src\features\slices\brand.slice.js
FN:11,(anonymous_0)
FN:14,(anonymous_1)
FNF:2
FNH:0
FNDA:0,(anonymous_0)
FNDA:0,(anonymous_1)
DA:3,0
DA:7,0
DA:12,0
DA:15,0
DA:20,0
LF:5
LH:0
BRF:0
BRH:0
end_of_record
TN:
SF:src\features\slices\category.slice.js
FN:11,(anonymous_0)
FN:14,(anonymous_1)
FNF:2
FNH:0
FNDA:0,(anonymous_0)
FNDA:0,(anonymous_1)
DA:3,0
DA:7,0
DA:12,0
DA:15,0
DA:20,0
LF:5
LH:0
BRF:0
BRH:0
end_of_record
TN:
SF:src\features\slices\description.slice.js
FN:11,(anonymous_0)
FN:14,(anonymous_1)
FNF:2
FNH:0
FNDA:0,(anonymous_0)
FNDA:0,(anonymous_1)
DA:3,0
DA:7,0
DA:12,0
DA:15,0
DA:20,0
LF:5
LH:0
BRF:0
BRH:0
end_of_record
TN:
SF:src\features\slices\filter.slice.js
FN:11,(anonymous_0)
FNF:1
FNH:0
FNDA:0,(anonymous_0)
DA:3,0
DA:7,0
DA:12,0
DA:17,0
LF:4
LH:0
BRF:0
BRH:0
end_of_record
TN:
SF:src\features\slices\import_product.slice.js
FN:20,(anonymous_0)
FN:32,(anonymous_1)
FN:35,(anonymous_2)
FN:38,(anonymous_3)
FN:41,(anonymous_4)
FN:44,(anonymous_5)
FN:47,(anonymous_6)
FN:50,(anonymous_7)
FN:53,(anonymous_8)
FN:56,(anonymous_9)
FN:59,(anonymous_10)
FN:62,(anonymous_11)
FNF:12
FNH:0
FNDA:0,(anonymous_0)
FNDA:0,(anonymous_1)
FNDA:0,(anonymous_2)
FNDA:0,(anonymous_3)
FNDA:0,(anonymous_4)
FNDA:0,(anonymous_5)
FNDA:0,(anonymous_6)
FNDA:0,(anonymous_7)
FNDA:0,(anonymous_8)
FNDA:0,(anonymous_9)
FNDA:0,(anonymous_10)
FNDA:0,(anonymous_11)
DA:3,0
DA:16,0
DA:21,0
DA:22,0
DA:23,0
DA:24,0
DA:25,0
DA:26,0
DA:27,0
DA:28,0
DA:29,0
DA:30,0
DA:33,0
DA:36,0
DA:39,0
DA:42,0
DA:45,0
DA:48,0
DA:51,0
DA:54,0
DA:57,0
DA:60,0
DA:63,0
DA:64,0
DA:65,0
DA:66,0
DA:67,0
DA:68,0
DA:69,0
DA:70,0
DA:71,0
DA:72,0
DA:90,0
LF:33
LH:0
BRF:0
BRH:0
end_of_record
TN:
SF:src\features\slices\name.slice.js
FN:11,(anonymous_0)
FN:14,(anonymous_1)
FNF:2
FNH:0
FNDA:0,(anonymous_0)
FNDA:0,(anonymous_1)
DA:3,0
DA:7,0
DA:12,0
DA:15,0
DA:20,0
LF:5
LH:0
BRF:0
BRH:0
end_of_record
TN:
SF:src\features\slices\open_accordion.slice.js
FN:11,(anonymous_0)
FNF:1
FNH:0
FNDA:0,(anonymous_0)
DA:3,0
DA:7,0
DA:12,0
DA:13,0
DA:18,0
LF:5
LH:0
BRDA:4,0,0,0
BRDA:4,0,1,0
BRDA:12,1,0,0
BRDA:12,1,1,0
BRF:4
BRH:0
end_of_record
TN:
SF:src\features\slices\product.slice.js
FN:11,(anonymous_0)
FN:14,(anonymous_1)
FNF:2
FNH:0
FNDA:0,(anonymous_0)
FNDA:0,(anonymous_1)
DA:3,0
DA:7,0
DA:12,0
DA:15,0
DA:20,0
LF:5
LH:0
BRF:0
BRH:0
end_of_record
TN:
SF:src\features\slices\react_metrics.slice.js
FN:8,(anonymous_0)
FN:11,(anonymous_1)
FN:17,(anonymous_2)
FN:37,(anonymous_3)
FN:45,(anonymous_4)
FN:49,(anonymous_5)
FN:58,(anonymous_6)
FN:64,(anonymous_7)
FN:67,(anonymous_8)
FN:82,(anonymous_9)
FN:84,(anonymous_10)
FN:86,(anonymous_11)
FN:87,(anonymous_12)
FN:90,(anonymous_13)
FN:93,(anonymous_14)
FN:94,(anonymous_15)
FNF:16
FNH:14
FNDA:1,(anonymous_0)
FNDA:3,(anonymous_1)
FNDA:2,(anonymous_2)
FNDA:1,(anonymous_3)
FNDA:1,(anonymous_4)
FNDA:3,(anonymous_5)
FNDA:1,(anonymous_6)
FNDA:0,(anonymous_7)
FNDA:1,(anonymous_8)
FNDA:3,(anonymous_9)
FNDA:0,(anonymous_10)
FNDA:3,(anonymous_11)
FNDA:3,(anonymous_12)
FNDA:2,(anonymous_13)
FNDA:2,(anonymous_14)
FNDA:2,(anonymous_15)
DA:3,1
DA:4,1
DA:5,1
DA:7,1
DA:8,1
DA:11,1
DA:12,3
DA:14,0
DA:17,1
DA:18,2
DA:19,2
DA:22,1
DA:33,1
DA:38,1
DA:39,1
DA:40,1
DA:41,1
DA:42,1
DA:43,1
DA:46,1
DA:47,1
DA:50,3
DA:51,3
DA:55,3
DA:56,3
DA:59,1
DA:60,1
DA:61,1
DA:62,1
DA:65,0
DA:68,1
DA:80,1
DA:82,3
DA:84,1
DA:85,1
DA:86,3
DA:87,3
DA:89,1
DA:92,2
DA:93,2
DA:94,2
DA:96,2
DA:100,2
LF:43
LH:41
BRDA:12,0,0,3
BRDA:12,0,1,0
BRDA:19,1,0,0
BRDA:19,1,1,2
BRDA:86,2,0,3
BRDA:86,2,1,2
BRDA:96,3,0,2
BRDA:96,3,1,0
BRDA:96,4,0,2
BRDA:96,4,1,1
BRDA:101,5,0,1
BRDA:101,5,1,1
BRF:12
BRH:9
end_of_record
TN:
SF:src\features\slices\select_id.slice.js
FN:12,(anonymous_0)
FN:18,(anonymous_1)
FNF:2
FNH:0
FNDA:0,(anonymous_0)
FNDA:0,(anonymous_1)
DA:3,0
DA:8,0
DA:13,0
DA:14,0
DA:15,0
DA:19,0
DA:20,0
DA:25,0
LF:8
LH:0
BRDA:14,0,0,0
BRDA:14,0,1,0
BRDA:14,1,0,0
BRDA:14,1,1,0
BRF:4
BRH:0
end_of_record
TN:
SF:src\features\slices\sidebar_item.slice.js
FN:11,(anonymous_0)
FNF:1
FNH:0
FNDA:0,(anonymous_0)
DA:3,0
DA:7,0
DA:12,0
DA:13,0
DA:18,0
LF:5
LH:0
BRDA:4,0,0,0
BRDA:4,0,1,0
BRF:2
BRH:0
end_of_record
TN:
SF:src\features\slices\sliders.slice.js
FN:17,(anonymous_0)
FN:21,(anonymous_1)
FN:26,(anonymous_2)
FN:29,(anonymous_3)
FNF:4
FNH:0
FNDA:0,(anonymous_0)
FNDA:0,(anonymous_1)
FNDA:0,(anonymous_2)
FNDA:0,(anonymous_3)
DA:4,0
DA:6,0
DA:13,0
DA:18,0
DA:19,0
DA:22,0
DA:23,0
DA:24,0
DA:27,0
DA:30,0
DA:31,0
DA:32,0
DA:33,0
DA:38,0
LF:14
LH:0
BRF:0
BRH:0
end_of_record
TN:
SF:src\features\slices\sort.slice.js
FN:12,(anonymous_0)
FNF:1
FNH:0
FNDA:0,(anonymous_0)
DA:3,0
DA:8,0
DA:13,0
DA:14,0
DA:19,0
LF:5
LH:0
BRF:0
BRH:0
end_of_record
TN:
SF:src\features\slices\update_import_product.slide.js
FNF:0
FNH:0
LF:0
LH:0
BRF:0
BRH:0
end_of_record
TN:
SF:src\features\slices\update_user_info.slice.js
FNF:0
FNH:0
LF:0
LH:0
BRF:0
BRH:0
end_of_record
TN:
SF:src\features\slices\user_info.slice.js
FNF:0
FNH:0
LF:0
LH:0
BRF:0
BRH:0
end_of_record
TN:
SF:src\hooks\useDelayedLoading.hook.js
FN:5,(anonymous_0)
FN:8,(anonymous_1)
FN:14,(anonymous_2)
FN:18,(anonymous_3)
FNF:4
FNH:0
FNDA:0,(anonymous_0)
FNDA:0,(anonymous_1)
FNDA:0,(anonymous_2)
FNDA:0,(anonymous_3)
DA:3,0
DA:5,0
DA:6,0
DA:8,0
DA:9,0
DA:10,0
DA:11,0
DA:14,0
DA:15,0
DA:18,0
DA:21,0
LF:11
LH:0
BRDA:5,0,0,0
BRDA:9,1,0,0
BRDA:9,1,1,0
BRF:3
BRH:0
end_of_record
TN:
SF:src\hooks\useFetch.hook.js
FN:4,(anonymous_0)
FN:9,(anonymous_1)
FN:14,(anonymous_2)
FN:18,(anonymous_3)
FN:19,(anonymous_4)
FN:20,(anonymous_5)
FNF:6
FNH:0
FNDA:0,(anonymous_0)
FNDA:0,(anonymous_1)
FNDA:0,(anonymous_2)
FNDA:0,(anonymous_3)
FNDA:0,(anonymous_4)
FNDA:0,(anonymous_5)
DA:4,0
DA:5,0
DA:6,0
DA:7,0
DA:9,0
DA:10,0
DA:11,0
DA:12,0
DA:13,0
DA:15,0
DA:16,0
DA:18,0
DA:19,0
DA:20,0
DA:23,0
LF:15
LH:0
BRDA:10,0,0,0
BRDA:10,0,1,0
BRDA:15,1,0,0
BRDA:15,1,1,0
BRF:4
BRH:0
end_of_record
TN:
SF:src\hooks\useInView.hook.js
FN:17,(anonymous_0)
FN:21,(anonymous_1)
FN:31,(anonymous_2)
FN:44,(anonymous_3)
FNF:4
FNH:0
FNDA:0,(anonymous_0)
FNDA:0,(anonymous_1)
FNDA:0,(anonymous_2)
FNDA:0,(anonymous_3)
DA:17,0
DA:18,0
DA:19,0
DA:21,0
DA:22,0
DA:23,0
DA:26,0
DA:27,0
DA:28,0
DA:31,0
DA:33,0
DA:34,0
DA:35,0
DA:36,0
DA:37,0
DA:43,0
DA:44,0
DA:47,0
LF:18
LH:0
BRDA:17,0,0,0
BRDA:17,1,0,0
BRDA:17,2,0,0
BRDA:17,3,0,0
BRDA:23,4,0,0
BRDA:23,4,1,0
BRDA:26,5,0,0
BRDA:26,5,1,0
BRDA:33,6,0,0
BRDA:33,6,1,0
BRDA:35,7,0,0
BRDA:35,7,1,0
BRDA:36,8,0,0
BRDA:36,8,1,0
BRF:14
BRH:0
end_of_record
TN:
SF:src\hooks\useLocalStorage.hook.js
FNF:0
FNH:0
LF:0
LH:0
BRF:0
BRH:0
end_of_record
TN:
SF:src\hooks\useOpen.hook.js
FN:3,(anonymous_0)
FN:8,(anonymous_1)
FN:11,(anonymous_2)
FN:14,(anonymous_3)
FN:17,(anonymous_4)
FN:20,(anonymous_5)
FN:23,(anonymous_6)
FNF:7
FNH:0
FNDA:0,(anonymous_0)
FNDA:0,(anonymous_1)
FNDA:0,(anonymous_2)
FNDA:0,(anonymous_3)
FNDA:0,(anonymous_4)
FNDA:0,(anonymous_5)
FNDA:0,(anonymous_6)
DA:3,0
DA:4,0
DA:5,0
DA:6,0
DA:8,0
DA:9,0
DA:11,0
DA:12,0
DA:14,0
DA:15,0
DA:17,0
DA:18,0
DA:20,0
DA:21,0
DA:23,0
DA:24,0
DA:27,0
LF:17
LH:0
BRF:0
BRH:0
end_of_record
TN:
SF:src\hooks\usePaginatedItems.hook.js
FN:5,(anonymous_0)
FN:8,(anonymous_1)
FN:14,(anonymous_2)
FN:15,(anonymous_3)
FNF:4
FNH:2
FNDA:1,(anonymous_0)
FNDA:1,(anonymous_1)
FNDA:0,(anonymous_2)
FNDA:0,(anonymous_3)
DA:3,1
DA:5,1
DA:6,1
DA:8,1
DA:9,1
DA:11,1
DA:14,1
DA:15,0
DA:16,0
DA:17,0
DA:19,0
LF:11
LH:7
BRDA:5,0,0,1
BRDA:8,1,0,1
BRDA:14,2,0,0
BRF:3
BRH:2
end_of_record
TN:
SF:src\hooks\useParallax.hook.js
FN:22,(anonymous_0)
FN:27,(anonymous_1)
FN:31,(anonymous_2)
FN:48,(anonymous_3)
FN:57,(anonymous_4)
FNF:5
FNH:0
FNDA:0,(anonymous_0)
FNDA:0,(anonymous_1)
FNDA:0,(anonymous_2)
FNDA:0,(anonymous_3)
FNDA:0,(anonymous_4)
DA:22,0
DA:23,0
DA:24,0
DA:25,0
DA:27,0
DA:28,0
DA:29,0
DA:31,0
DA:32,0
DA:33,0
DA:36,0
DA:39,0
DA:40,0
DA:41,0
DA:44,0
DA:45,0
DA:48,0
DA:49,0
DA:50,0
DA:54,0
DA:56,0
DA:57,0
DA:58,0
DA:59,0
DA:63,0
LF:25
LH:0
BRDA:22,0,0,0
BRDA:22,1,0,0
BRDA:22,2,0,0
BRDA:29,3,0,0
BRDA:29,3,1,0
BRDA:36,4,0,0
BRDA:36,4,1,0
BRDA:36,5,0,0
BRDA:36,5,1,0
BRDA:49,6,0,0
BRDA:49,6,1,0
BRDA:59,7,0,0
BRDA:59,7,1,0
BRF:13
BRH:0
end_of_record
TN:
SF:src\hooks\useResponsiveColumns.hook.js
FN:9,(anonymous_0)
FN:14,(anonymous_1)
FN:22,(anonymous_2)
FN:23,(anonymous_3)
FN:25,(anonymous_4)
FN:28,(anonymous_5)
FN:30,(anonymous_6)
FN:38,(anonymous_7)
FNF:8
FNH:1
FNDA:3,(anonymous_0)
FNDA:0,(anonymous_1)
FNDA:0,(anonymous_2)
FNDA:0,(anonymous_3)
FNDA:0,(anonymous_4)
FNDA:0,(anonymous_5)
FNDA:0,(anonymous_6)
FNDA:0,(anonymous_7)
DA:3,1
DA:9,1
DA:10,3
DA:14,1
DA:15,0
DA:16,0
DA:19,0
DA:22,1
DA:23,0
DA:25,0
DA:26,0
DA:28,0
DA:29,0
DA:30,0
DA:31,0
DA:35,0
DA:36,0
DA:38,0
DA:39,0
DA:40,0
DA:44,0
LF:21
LH:5
BRDA:9,0,0,3
BRDA:10,1,0,3
BRDA:10,1,1,0
BRDA:10,1,2,0
BRDA:15,2,0,0
BRDA:15,2,1,0
BRDA:16,3,0,0
BRDA:16,3,1,0
BRDA:22,4,0,0
BRF:9
BRH:2
end_of_record
TN:
SF:src\hooks\useSortedRows.hook.js
FN:3,(anonymous_0)
FN:7,(anonymous_1)
FN:17,(anonymous_2)
FN:17,(anonymous_3)
FNF:4
FNH:2
FNDA:2,(anonymous_0)
FNDA:2,(anonymous_1)
FNDA:0,(anonymous_2)
FNDA:0,(anonymous_3)
DA:3,1
DA:4,2
DA:5,2
DA:7,2
DA:8,2
DA:9,2
DA:11,2
DA:13,2
DA:17,1
LF:9
LH:9
BRDA:4,0,0,2
BRDA:4,0,1,0
BRDA:5,1,0,1
BRDA:5,1,1,1
BRDA:11,2,0,0
BRDA:11,2,1,2
BRDA:13,3,0,0
BRDA:13,3,1,2
BRF:8
BRH:5
end_of_record
TN:
SF:src\i18n\I18nProvider.jsx
FN:13,(anonymous_0)
FN:21,(anonymous_1)
FN:29,(anonymous_2)
FN:32,(anonymous_3)
FN:36,(anonymous_4)
FN:41,(anonymous_5)
FN:42,(anonymous_6)
FN:59,(anonymous_7)
FNF:8
FNH:0
FNDA:0,(anonymous_0)
FNDA:0,(anonymous_1)
FNDA:0,(anonymous_2)
FNDA:0,(anonymous_3)
FNDA:0,(anonymous_4)
FNDA:0,(anonymous_5)
FNDA:0,(anonymous_6)
FNDA:0,(anonymous_7)
DA:11,0
DA:13,0
DA:14,0
DA:16,0
DA:18,0
DA:21,0
DA:22,0
DA:24,0
DA:26,0
DA:29,0
DA:30,0
DA:32,0
DA:33,0
DA:36,0
DA:37,0
DA:38,0
DA:41,0
DA:42,0
DA:44,0
DA:52,0
DA:55,0
DA:59,0
DA:60,0
DA:62,0
DA:63,0
DA:66,0
LF:26
LH:0
BRDA:14,0,0,0
BRDA:14,0,1,0
BRDA:16,1,0,0
BRDA:16,1,1,0
BRDA:18,2,0,0
BRDA:18,2,1,0
BRDA:22,3,0,0
BRDA:22,3,1,0
BRDA:26,4,0,0
BRDA:26,4,1,0
BRDA:26,4,2,0
BRDA:33,5,0,0
BRDA:33,5,1,0
BRDA:62,6,0,0
BRDA:62,6,1,0
BRF:15
BRH:0
end_of_record
TN:
SF:src\i18n\index.js
FNF:0
FNH:0
LF:0
LH:0
BRF:0
BRH:0
end_of_record
TN:
SF:src\i18n\translations.js
FN:10,(anonymous_0)
FN:14,(anonymous_1)
FN:17,(anonymous_2)
FN:18,(anonymous_3)
FN:23,(anonymous_4)
FNF:5
FNH:5
FNDA:8,(anonymous_0)
FNDA:34,(anonymous_1)
FNDA:5,(anonymous_2)
FNDA:2,(anonymous_3)
FNDA:4,(anonymous_4)
DA:10,1
DA:11,8
DA:13,7
DA:14,34
DA:17,1
DA:18,5
DA:19,2
DA:23,1
DA:24,4
DA:25,4
DA:26,4
DA:27,4
DA:29,4
LF:13
LH:13
BRDA:11,0,0,1
BRDA:11,0,1,7
BRDA:14,1,0,5
BRDA:14,1,1,2
BRDA:17,2,0,5
BRDA:24,3,0,4
BRDA:24,3,1,1
BRDA:25,4,0,4
BRDA:25,4,1,0
BRDA:27,5,0,4
BRDA:27,5,1,1
BRDA:27,5,2,1
BRF:12
BRH:11
end_of_record
TN:
SF:src\i18n\generated\labels.js
FNF:0
FNH:0
DA:4,1
DA:5,1
DA:7,1
DA:34,1
LF:4
LH:4
BRF:0
BRH:0
end_of_record
TN:
SF:src\layouts\admin\admin.layout.jsx
FN:13,(anonymous_0)
FN:38,(anonymous_1)
FN:51,(anonymous_2)
FN:56,(anonymous_3)
FN:63,(anonymous_4)
FN:71,(anonymous_5)
FN:78,(anonymous_6)
FN:144,(anonymous_7)
FN:156,(anonymous_8)
FNF:9
FNH:0
FNDA:0,(anonymous_0)
FNDA:0,(anonymous_1)
FNDA:0,(anonymous_2)
FNDA:0,(anonymous_3)
FNDA:0,(anonymous_4)
FNDA:0,(anonymous_5)
FNDA:0,(anonymous_6)
FNDA:0,(anonymous_7)
FNDA:0,(anonymous_8)
DA:13,0
DA:38,0
DA:50,0
DA:51,0
DA:52,0
DA:53,0
DA:56,0
DA:64,0
DA:65,0
DA:67,0
DA:71,0
DA:72,0
DA:73,0
DA:74,0
DA:75,0
DA:79,0
DA:83,0
DA:90,0
DA:145,0
DA:157,0
DA:179,0
LF:21
LH:0
BRDA:52,0,0,0
BRDA:52,0,1,0
BRDA:56,1,0,0
BRDA:56,1,1,0
BRDA:56,2,0,0
BRDA:56,2,1,0
BRDA:64,3,0,0
BRDA:64,3,1,0
BRDA:74,4,0,0
BRDA:74,4,1,0
BRDA:100,5,0,0
BRDA:100,5,1,0
BRDA:102,6,0,0
BRDA:102,6,1,0
BRDA:133,7,0,0
BRDA:133,7,1,0
BRDA:140,8,0,0
BRDA:140,8,1,0
BRDA:151,9,0,0
BRDA:151,9,1,0
BRDA:172,10,0,0
BRDA:172,10,1,0
BRF:22
BRH:0
end_of_record
TN:
SF:src\layouts\career\career.layout.jsx
FN:3,(anonymous_0)
FNF:1
FNH:0
FNDA:0,(anonymous_0)
DA:3,0
LF:1
LH:0
BRF:0
BRH:0
end_of_record
TN:
SF:src\layouts\helpcenter\help_center.layout.jsx
FN:3,(anonymous_0)
FNF:1
FNH:0
FNDA:0,(anonymous_0)
DA:3,0
LF:1
LH:0
BRF:0
BRH:0
end_of_record
TN:
SF:src\layouts\shop\notification.layout.jsx
FN:6,NotificationLayout
FN:29,(anonymous_1)
FNF:2
FNH:0
FNDA:0,NotificationLayout
FNDA:0,(anonymous_1)
DA:7,0
DA:8,0
DA:29,0
DA:36,0
LF:4
LH:0
BRF:0
BRH:0
end_of_record
TN:
SF:src\layouts\shop\shop.layout.jsx
FN:6,(anonymous_0)
FNF:1
FNH:0
FNDA:0,(anonymous_0)
DA:6,0
DA:7,0
LF:2
LH:0
BRF:0
BRH:0
end_of_record
TN:
SF:src\mocks\shop_products.mock.js
FN:6,(anonymous_0)
FN:11,(anonymous_1)
FN:12,(anonymous_2)
FNF:3
FNH:3
FNDA:4,(anonymous_0)
FNDA:2,(anonymous_1)
FNDA:9,(anonymous_2)
DA:4,1
DA:6,4
DA:11,1
DA:12,9
DA:21,1
LF:5
LH:5
BRDA:11,0,0,2
BRDA:15,1,0,7
BRDA:15,1,1,2
BRF:3
BRH:3
end_of_record
TN:
SF:src\pages\admin.page.jsx
FN:8,(anonymous_0)
FN:9,(anonymous_1)
FN:10,(anonymous_2)
FNF:3
FNH:0
FNDA:0,(anonymous_0)
FNDA:0,(anonymous_1)
FNDA:0,(anonymous_2)
DA:8,0
DA:9,0
DA:10,0
DA:11,0
DA:13,0
LF:5
LH:0
BRF:0
BRH:0
end_of_record
TN:
SF:src\pages\brand.page.jsx
FN:8,(anonymous_0)
FNF:1
FNH:0
FNDA:0,(anonymous_0)
DA:8,0
DA:9,0
DA:10,0
DA:11,0
LF:4
LH:0
BRDA:14,0,0,0
BRDA:14,0,1,0
BRDA:18,1,0,0
BRDA:18,1,1,0
BRF:4
BRH:0
end_of_record
TN:
SF:src\pages\cart.page.jsx
FN:15,(anonymous_0)
FN:33,(anonymous_1)
FN:52,(anonymous_2)
FN:64,(anonymous_3)
FN:69,(anonymous_4)
FN:124,(anonymous_5)
FN:151,(anonymous_6)
FN:166,(anonymous_7)
FN:220,(anonymous_8)
FNF:9
FNH:0
FNDA:0,(anonymous_0)
FNDA:0,(anonymous_1)
FNDA:0,(anonymous_2)
FNDA:0,(anonymous_3)
FNDA:0,(anonymous_4)
FNDA:0,(anonymous_5)
FNDA:0,(anonymous_6)
FNDA:0,(anonymous_7)
FNDA:0,(anonymous_8)
DA:15,0
DA:16,0
DA:33,0
DA:34,0
DA:52,0
DA:53,0
DA:54,0
DA:57,0
DA:59,0
DA:61,0
DA:64,0
DA:65,0
DA:69,0
DA:70,0
DA:71,0
DA:72,0
DA:73,0
DA:78,0
DA:80,0
DA:85,0
DA:86,0
DA:87,0
DA:92,0
DA:93,0
DA:99,0
DA:100,0
DA:102,0
DA:125,0
DA:126,0
DA:127,0
DA:128,0
DA:129,0
DA:131,0
DA:151,0
DA:166,0
DA:220,0
LF:36
LH:0
BRDA:65,0,0,0
BRDA:65,0,1,0
BRDA:70,1,0,0
BRDA:70,1,1,0
BRDA:71,2,0,0
BRDA:71,2,1,0
BRDA:85,3,0,0
BRDA:85,3,1,0
BRDA:86,4,0,0
BRDA:86,4,1,0
BRDA:92,5,0,0
BRDA:92,5,1,0
BRDA:95,6,0,0
BRDA:95,6,1,0
BRDA:99,7,0,0
BRDA:99,7,1,0
BRDA:100,8,0,0
BRDA:100,8,1,0
BRDA:125,9,0,0
BRDA:125,9,1,0
BRDA:126,10,0,0
BRDA:126,10,1,0
BRDA:128,11,0,0
BRDA:128,11,1,0
BRDA:129,12,0,0
BRDA:129,12,1,0
BRDA:158,13,0,0
BRDA:158,13,1,0
BRDA:173,14,0,0
BRDA:173,14,1,0
BRDA:183,15,0,0
BRDA:183,15,1,0
BRF:32
BRH:0
end_of_record
TN:
SF:src\pages\category.page.jsx
FN:8,(anonymous_0)
FNF:1
FNH:0
FNDA:0,(anonymous_0)
DA:8,0
DA:9,0
DA:10,0
DA:11,0
LF:4
LH:0
BRDA:14,0,0,0
BRDA:14,0,1,0
BRDA:18,1,0,0
BRDA:18,1,1,0
BRF:4
BRH:0
end_of_record
TN:
SF:src\pages\checkout.page.jsx
FN:10,(anonymous_0)
FN:15,(anonymous_1)
FN:15,(anonymous_2)
FN:16,(anonymous_3)
FN:16,(anonymous_4)
FN:23,(anonymous_5)
FN:24,(anonymous_6)
FN:26,(anonymous_7)
FN:29,(anonymous_8)
FN:32,(anonymous_9)
FNF:10
FNH:0
FNDA:0,(anonymous_0)
FNDA:0,(anonymous_1)
FNDA:0,(anonymous_2)
FNDA:0,(anonymous_3)
FNDA:0,(anonymous_4)
FNDA:0,(anonymous_5)
FNDA:0,(anonymous_6)
FNDA:0,(anonymous_7)
FNDA:0,(anonymous_8)
FNDA:0,(anonymous_9)
DA:10,0
DA:11,0
DA:12,0
DA:13,0
DA:15,0
DA:16,0
DA:18,0
DA:23,0
DA:24,0
DA:26,0
DA:29,0
DA:32,0
LF:12
LH:0
BRDA:15,0,0,0
BRDA:15,0,1,0
BRDA:16,1,0,0
BRDA:16,1,1,0
BRDA:37,2,0,0
BRDA:37,2,1,0
BRDA:38,3,0,0
BRDA:38,3,1,0
BRDA:39,4,0,0
BRDA:39,4,1,0
BRF:10
BRH:0
end_of_record
TN:
SF:src\pages\detail_product.page.jsx
FN:53,(anonymous_0)
FN:101,(anonymous_1)
FN:111,(anonymous_2)
FN:119,(anonymous_3)
FN:125,(anonymous_4)
FN:146,(anonymous_5)
FN:178,(anonymous_6)
FN:192,(anonymous_7)
FN:226,(anonymous_8)
FN:250,(anonymous_9)
FN:270,(anonymous_10)
FN:280,(anonymous_11)
FN:326,(anonymous_12)
FN:329,(anonymous_13)
FN:331,(anonymous_14)
FN:346,(anonymous_15)
FN:370,(anonymous_16)
FN:373,(anonymous_17)
FN:377,(anonymous_18)
FN:382,(anonymous_19)
FN:399,(anonymous_20)
FN:408,(anonymous_21)
FN:433,(anonymous_22)
FN:447,(anonymous_23)
FN:459,(anonymous_24)
FN:524,(anonymous_25)
FNF:26
FNH:0
FNDA:0,(anonymous_0)
FNDA:0,(anonymous_1)
FNDA:0,(anonymous_2)
FNDA:0,(anonymous_3)
FNDA:0,(anonymous_4)
FNDA:0,(anonymous_5)
FNDA:0,(anonymous_6)
FNDA:0,(anonymous_7)
FNDA:0,(anonymous_8)
FNDA:0,(anonymous_9)
FNDA:0,(anonymous_10)
FNDA:0,(anonymous_11)
FNDA:0,(anonymous_12)
FNDA:0,(anonymous_13)
FNDA:0,(anonymous_14)
FNDA:0,(anonymous_15)
FNDA:0,(anonymous_16)
FNDA:0,(anonymous_17)
FNDA:0,(anonymous_18)
FNDA:0,(anonymous_19)
FNDA:0,(anonymous_20)
FNDA:0,(anonymous_21)
FNDA:0,(anonymous_22)
FNDA:0,(anonymous_23)
FNDA:0,(anonymous_24)
FNDA:0,(anonymous_25)
DA:52,0
DA:53,0
DA:54,0
DA:101,0
DA:102,0
DA:103,0
DA:104,0
DA:105,0
DA:106,0
DA:107,0
DA:108,0
DA:109,0
DA:110,0
DA:111,0
DA:112,0
DA:113,0
DA:114,0
DA:115,0
DA:116,0
DA:117,0
DA:118,0
DA:119,0
DA:120,0
DA:127,0
DA:132,0
DA:133,0
DA:144,0
DA:146,0
DA:148,0
DA:152,0
DA:161,0
DA:164,0
DA:165,0
DA:170,0
DA:171,0
DA:172,0
DA:175,0
DA:176,0
DA:178,0
DA:179,0
DA:180,0
DA:181,0
DA:186,0
DA:188,0
DA:192,0
DA:193,0
DA:194,0
DA:195,0
DA:200,0
DA:202,0
DA:208,0
DA:227,0
DA:251,0
DA:271,0
DA:280,0
DA:328,0
DA:329,0
DA:332,0
DA:346,0
DA:372,0
DA:374,0
DA:378,0
DA:382,0
DA:399,0
DA:408,0
DA:433,0
DA:447,0
DA:460,0
DA:525,0
LF:69
LH:0
BRDA:120,0,0,0
BRDA:120,0,1,0
BRDA:121,1,0,0
BRDA:121,1,1,0
BRDA:121,1,2,0
BRDA:121,1,3,0
BRDA:121,1,4,0
BRDA:127,2,0,0
BRDA:127,2,1,0
BRDA:127,2,2,0
BRDA:134,3,0,0
BRDA:134,3,1,0
BRDA:148,4,0,0
BRDA:148,4,1,0
BRDA:148,4,2,0
BRDA:161,5,0,0
BRDA:161,5,1,0
BRDA:164,6,0,0
BRDA:164,6,1,0
BRDA:170,7,0,0
BRDA:170,7,1,0
BRDA:176,8,0,0
BRDA:176,8,1,0
BRDA:179,9,0,0
BRDA:179,9,1,0
BRDA:193,10,0,0
BRDA:193,10,1,0
BRDA:260,11,0,0
BRDA:260,11,1,0
BRDA:262,12,0,0
BRDA:262,12,1,0
BRDA:264,13,0,0
BRDA:264,13,1,0
BRDA:270,14,0,0
BRDA:270,14,1,0
BRDA:271,15,0,0
BRDA:271,15,1,0
BRDA:399,16,0,0
BRDA:399,16,1,0
BRDA:408,17,0,0
BRDA:408,17,1,0
BRDA:547,18,0,0
BRDA:547,18,1,0
BRDA:547,18,2,0
BRDA:547,18,3,0
BRDA:547,18,4,0
BRDA:547,18,5,0
BRDA:547,18,6,0
BRDA:547,18,7,0
BRDA:547,18,8,0
BRDA:547,18,9,0
BRF:51
BRH:0
end_of_record
TN:
SF:src\pages\error.page.jsx
FN:4,(anonymous_0)
FNF:1
FNH:0
FNDA:0,(anonymous_0)
DA:4,0
DA:5,0
LF:2
LH:0
BRF:0
BRH:0
end_of_record
TN:
SF:src\pages\forbidden.page.jsx
FN:4,(anonymous_0)
FNF:1
FNH:0
FNDA:0,(anonymous_0)
DA:4,0
DA:5,0
LF:2
LH:0
BRF:0
BRH:0
end_of_record
TN:
SF:src\pages\home.page.helpers.js
FN:1,(anonymous_0)
FN:3,(anonymous_1)
FN:7,(anonymous_2)
FN:23,(anonymous_3)
FN:31,(anonymous_4)
FNF:5
FNH:5
FNDA:9,(anonymous_0)
FNDA:3,(anonymous_1)
FNDA:5,(anonymous_2)
FNDA:1,(anonymous_3)
FNDA:1,(anonymous_4)
DA:1,9
DA:3,1
DA:4,3
DA:5,3
DA:7,3
DA:8,5
DA:10,5
DA:11,2
DA:14,3
DA:15,1
DA:18,2
DA:19,2
DA:23,1
DA:31,1
DA:32,1
LF:15
LH:15
BRDA:4,0,0,2
BRDA:4,0,1,1
BRDA:10,1,0,2
BRDA:10,1,1,3
BRDA:10,2,0,5
BRDA:10,2,1,5
BRDA:14,3,0,1
BRDA:14,3,1,2
BRDA:32,4,0,1
BRDA:32,4,1,0
BRDA:32,5,0,1
BRDA:32,5,1,0
BRF:12
BRH:10
end_of_record
TN:
SF:src\pages\home.page.jsx
FN:26,(anonymous_0)
FN:32,(anonymous_1)
FN:109,(anonymous_2)
FNF:3
FNH:0
FNDA:0,(anonymous_0)
FNDA:0,(anonymous_1)
FNDA:0,(anonymous_2)
DA:24,0
DA:26,0
DA:27,0
DA:32,0
DA:33,0
DA:97,0
DA:109,0
DA:110,0
DA:111,0
DA:113,0
DA:114,0
DA:121,0
DA:123,0
LF:13
LH:0
BRDA:28,0,0,0
BRDA:28,0,1,0
BRDA:113,1,0,0
BRDA:113,1,1,0
BRDA:121,2,0,0
BRDA:121,2,1,0
BRF:6
BRH:0
end_of_record
TN:
SF:src\pages\list_product.page.jsx
FN:8,(anonymous_0)
FNF:1
FNH:0
FNDA:0,(anonymous_0)
DA:8,0
DA:9,0
DA:11,0
LF:3
LH:0
BRF:0
BRH:0
end_of_record
TN:
SF:src\pages\login.page.jsx
FN:11,Loginpage
FN:16,(anonymous_1)
FN:22,(anonymous_2)
FN:28,(anonymous_3)
FN:48,(anonymous_4)
FN:54,(anonymous_5)
FN:118,(anonymous_6)
FN:132,(anonymous_7)
FNF:8
FNH:0
FNDA:0,Loginpage
FNDA:0,(anonymous_1)
FNDA:0,(anonymous_2)
FNDA:0,(anonymous_3)
FNDA:0,(anonymous_4)
FNDA:0,(anonymous_5)
FNDA:0,(anonymous_6)
FNDA:0,(anonymous_7)
DA:12,0
DA:13,0
DA:14,0
DA:15,0
DA:16,0
DA:17,0
DA:18,0
DA:19,0
DA:22,0
DA:23,0
DA:24,0
DA:25,0
DA:28,0
DA:29,0
DA:30,0
DA:31,0
DA:32,0
DA:36,0
DA:37,0
DA:42,0
DA:48,0
DA:49,0
DA:50,0
DA:51,0
DA:55,0
DA:56,0
DA:57,0
DA:58,0
DA:61,0
DA:67,0
DA:68,0
DA:119,0
DA:132,0
LF:33
LH:0
BRDA:18,0,0,0
BRDA:18,0,1,0
BRDA:24,1,0,0
BRDA:24,1,1,0
BRDA:31,2,0,0
BRDA:31,2,1,0
BRDA:36,3,0,0
BRDA:36,3,1,0
BRDA:116,4,0,0
BRDA:116,4,1,0
BRF:10
BRH:0
end_of_record
TN:
SF:src\pages\not_found.page.jsx
FN:4,(anonymous_0)
FNF:1
FNH:0
FNDA:0,(anonymous_0)
DA:4,0
DA:5,0
LF:2
LH:0
BRF:0
BRH:0
end_of_record
TN:
SF:src\pages\profile.page.jsx
FN:5,(anonymous_0)
FN:14,(anonymous_1)
FNF:2
FNH:0
FNDA:0,(anonymous_0)
FNDA:0,(anonymous_1)
DA:5,0
DA:6,0
DA:7,0
DA:14,0
LF:4
LH:0
BRDA:14,0,0,0
BRDA:14,0,1,0
BRF:2
BRH:0
end_of_record
TN:
SF:src\pages\register.page.jsx
FN:16,(anonymous_0)
FN:27,(anonymous_1)
FN:33,(anonymous_2)
FN:50,(anonymous_3)
FN:83,(anonymous_4)
FN:91,(anonymous_5)
FN:101,(anonymous_6)
FN:110,(anonymous_7)
FN:119,(anonymous_8)
FN:130,(anonymous_9)
FN:143,(anonymous_10)
FN:149,(anonymous_11)
FN:190,(anonymous_12)
FN:206,(anonymous_13)
FN:217,(anonymous_14)
FN:236,(anonymous_15)
FN:286,(anonymous_16)
FNF:17
FNH:0
FNDA:0,(anonymous_0)
FNDA:0,(anonymous_1)
FNDA:0,(anonymous_2)
FNDA:0,(anonymous_3)
FNDA:0,(anonymous_4)
FNDA:0,(anonymous_5)
FNDA:0,(anonymous_6)
FNDA:0,(anonymous_7)
FNDA:0,(anonymous_8)
FNDA:0,(anonymous_9)
FNDA:0,(anonymous_10)
FNDA:0,(anonymous_11)
FNDA:0,(anonymous_12)
FNDA:0,(anonymous_13)
FNDA:0,(anonymous_14)
FNDA:0,(anonymous_15)
FNDA:0,(anonymous_16)
DA:16,0
DA:17,0
DA:18,0
DA:19,0
DA:20,0
DA:21,0
DA:22,0
DA:23,0
DA:24,0
DA:25,0
DA:26,0
DA:27,0
DA:28,0
DA:29,0
DA:31,0
DA:33,0
DA:34,0
DA:46,0
DA:47,0
DA:51,0
DA:54,0
DA:60,0
DA:83,0
DA:91,0
DA:101,0
DA:110,0
DA:119,0
DA:130,0
DA:143,0
DA:149,0
DA:190,0
DA:206,0
DA:217,0
DA:237,0
DA:238,0
DA:239,0
DA:240,0
DA:241,0
DA:242,0
DA:243,0
DA:244,0
DA:245,0
DA:246,0
DA:286,0
LF:44
LH:0
BRDA:46,0,0,0
BRDA:46,0,1,0
BRDA:154,1,0,0
BRDA:154,1,1,0
BRDA:225,2,0,0
BRDA:225,2,1,0
BRDA:225,3,0,0
BRDA:225,3,1,0
BRDA:225,3,2,0
BRDA:225,3,3,0
BRDA:225,3,4,0
BRDA:225,3,5,0
BRDA:225,3,6,0
BRDA:225,3,7,0
BRDA:258,4,0,0
BRDA:258,4,1,0
BRDA:258,5,0,0
BRDA:258,5,1,0
BRDA:258,5,2,0
BRDA:258,5,3,0
BRDA:258,5,4,0
BRDA:258,5,5,0
BRDA:258,5,6,0
BRDA:258,5,7,0
BRDA:258,5,8,0
BRDA:258,5,9,0
BRF:26
BRH:0
end_of_record
TN:
SF:src\pages\static_content.page.jsx
FN:16,(anonymous_0)
FN:26,(anonymous_1)
FN:40,(anonymous_2)
FN:55,(anonymous_3)
FN:76,(anonymous_4)
FN:97,(anonymous_5)
FN:108,(anonymous_6)
FN:117,(anonymous_7)
FN:367,(anonymous_8)
FN:368,(anonymous_9)
FN:369,(anonymous_10)
FN:370,(anonymous_11)
FN:371,(anonymous_12)
FN:372,(anonymous_13)
FN:373,(anonymous_14)
FNF:15
FNH:0
FNDA:0,(anonymous_0)
FNDA:0,(anonymous_1)
FNDA:0,(anonymous_2)
FNDA:0,(anonymous_3)
FNDA:0,(anonymous_4)
FNDA:0,(anonymous_5)
FNDA:0,(anonymous_6)
FNDA:0,(anonymous_7)
FNDA:0,(anonymous_8)
FNDA:0,(anonymous_9)
FNDA:0,(anonymous_10)
FNDA:0,(anonymous_11)
FNDA:0,(anonymous_12)
FNDA:0,(anonymous_13)
FNDA:0,(anonymous_14)
DA:16,0
DA:17,0
DA:22,0
DA:26,0
DA:27,0
DA:34,0
DA:40,0
DA:41,0
DA:50,0
DA:55,0
DA:65,0
DA:77,0
DA:98,0
DA:109,0
DA:118,0
DA:126,0
DA:159,0
DA:208,0
DA:245,0
DA:278,0
DA:303,0
DA:331,0
DA:358,0
DA:367,0
DA:368,0
DA:369,0
DA:370,0
DA:371,0
DA:372,0
DA:373,0
LF:30
LH:0
BRDA:56,0,0,0
BRDA:58,1,0,0
BRDA:60,2,0,0
BRDA:61,3,0,0
BRDA:74,4,0,0
BRDA:74,4,1,0
BRDA:81,5,0,0
BRDA:81,5,1,0
BRDA:95,6,0,0
BRDA:95,6,1,0
BRDA:106,7,0,0
BRDA:106,7,1,0
BRDA:114,8,0,0
BRDA:114,8,1,0
BRF:14
BRH:0
end_of_record
TN:
SF:src\styles\classNames.js
FNF:0
FNH:0
DA:1,1
DA:2,1
DA:3,1
DA:4,1
DA:5,1
DA:6,1
DA:7,1
DA:8,1
DA:9,1
DA:10,1
DA:12,1
DA:13,1
DA:14,1
DA:15,1
DA:16,1
DA:17,1
DA:18,1
DA:19,1
DA:20,1
DA:21,1
DA:22,1
DA:23,1
DA:24,1
DA:25,1
DA:27,1
DA:28,1
DA:30,1
DA:31,1
DA:32,1
DA:33,1
DA:34,1
DA:35,1
DA:36,1
DA:37,1
DA:38,1
DA:39,1
DA:40,1
DA:41,1
DA:42,1
DA:43,1
DA:44,1
DA:45,1
DA:46,1
DA:47,1
DA:48,1
DA:49,1
DA:50,1
DA:51,1
DA:52,1
DA:53,1
DA:54,1
DA:55,1
DA:56,1
DA:57,1
DA:58,1
DA:59,1
DA:60,1
DA:61,1
DA:62,1
DA:63,1
DA:64,1
DA:65,1
DA:66,1
DA:67,1
DA:68,1
DA:69,1
DA:70,1
DA:71,1
DA:72,1
DA:74,1
LF:70
LH:70
BRF:0
BRH:0
end_of_record
TN:
SF:src\theme\SeasonProvider.jsx
FN:13,(anonymous_0)
FN:18,(anonymous_1)
FN:23,(anonymous_2)
FN:26,(anonymous_3)
FN:34,(anonymous_4)
FN:39,(anonymous_5)
FN:43,(anonymous_6)
FN:60,(anonymous_7)
FNF:8
FNH:0
FNDA:0,(anonymous_0)
FNDA:0,(anonymous_1)
FNDA:0,(anonymous_2)
FNDA:0,(anonymous_3)
FNDA:0,(anonymous_4)
FNDA:0,(anonymous_5)
FNDA:0,(anonymous_6)
FNDA:0,(anonymous_7)
DA:11,0
DA:13,0
DA:14,0
DA:15,0
DA:18,0
DA:19,0
DA:20,0
DA:23,0
DA:24,0
DA:26,0
DA:27,0
DA:31,0
DA:34,0
DA:35,0
DA:39,0
DA:40,0
DA:43,0
DA:44,0
DA:53,0
DA:56,0
DA:60,0
DA:61,0
DA:62,0
DA:63,0
DA:65,0
LF:25
LH:0
BRDA:14,0,0,0
BRDA:14,0,1,0
BRDA:19,1,0,0
BRDA:19,1,1,0
BRDA:62,2,0,0
BRDA:62,2,1,0
BRF:6
BRH:0
end_of_record
TN:
SF:src\theme\ThemeProvider.jsx
FN:13,(anonymous_0)
FN:19,(anonymous_1)
FN:25,(anonymous_2)
FN:33,(anonymous_3)
FN:37,(anonymous_4)
FN:43,(anonymous_5)
FN:47,(anonymous_6)
FN:51,(anonymous_7)
FN:57,(anonymous_8)
FN:61,(anonymous_9)
FN:64,(anonymous_10)
FN:81,(anonymous_11)
FNF:12
FNH:0
FNDA:0,(anonymous_0)
FNDA:0,(anonymous_1)
FNDA:0,(anonymous_2)
FNDA:0,(anonymous_3)
FNDA:0,(anonymous_4)
FNDA:0,(anonymous_5)
FNDA:0,(anonymous_6)
FNDA:0,(anonymous_7)
FNDA:0,(anonymous_8)
FNDA:0,(anonymous_9)
FNDA:0,(anonymous_10)
FNDA:0,(anonymous_11)
DA:11,0
DA:13,0
DA:14,0
DA:16,0
DA:19,0
DA:20,0
DA:22,0
DA:25,0
DA:26,0
DA:28,0
DA:29,0
DA:30,0
DA:33,0
DA:34,0
DA:35,0
DA:37,0
DA:38,0
DA:41,0
DA:43,0
DA:44,0
DA:47,0
DA:48,0
DA:51,0
DA:52,0
DA:53,0
DA:56,0
DA:57,0
DA:59,0
DA:61,0
DA:64,0
DA:65,0
DA:74,0
DA:77,0
DA:81,0
DA:82,0
DA:84,0
DA:85,0
DA:88,0
LF:38
LH:0
BRDA:14,0,0,0
BRDA:14,0,1,0
BRDA:20,1,0,0
BRDA:20,1,1,0
BRDA:22,2,0,0
BRDA:22,2,1,0
BRDA:26,3,0,0
BRDA:26,3,1,0
BRDA:52,4,0,0
BRDA:52,4,1,0
BRDA:52,5,0,0
BRDA:52,5,1,0
BRDA:84,6,0,0
BRDA:84,6,1,0
BRF:14
BRH:0
end_of_record
TN:
SF:src\theme\index.js
FNF:0
FNH:0
LF:0
LH:0
BRF:0
BRH:0
end_of_record
TN:
SF:src\theme\season.config.js
FN:53,(anonymous_0)
FN:55,(anonymous_1)
FN:63,(anonymous_2)
FN:64,(anonymous_3)
FN:71,(anonymous_4)
FNF:5
FNH:0
FNDA:0,(anonymous_0)
FNDA:0,(anonymous_1)
FNDA:0,(anonymous_2)
FNDA:0,(anonymous_3)
FNDA:0,(anonymous_4)
DA:5,0
DA:6,0
DA:8,0
DA:53,0
DA:54,0
DA:55,0
DA:56,0
DA:63,0
DA:64,0
DA:65,0
DA:71,0
DA:72,0
DA:73,0
LF:13
LH:0
BRDA:55,0,0,0
BRDA:55,0,1,0
BRDA:56,1,0,0
BRDA:56,1,1,0
BRDA:65,2,0,0
BRDA:65,2,1,0
BRDA:73,3,0,0
BRDA:73,3,1,0
BRF:8
BRH:0
end_of_record
TN:
SF:src\theme\theme.config.js
FN:10,(anonymous_0)
FN:11,(anonymous_1)
FN:13,(anonymous_2)
FNF:3
FNH:3
FNDA:7,(anonymous_0)
FNDA:17,(anonymous_1)
FNDA:4,(anonymous_2)
DA:1,1
DA:2,1
DA:4,1
DA:10,1
DA:11,17
DA:13,1
DA:14,4
DA:16,4
DA:17,2
DA:20,2
LF:10
LH:10
BRDA:11,0,0,5
BRDA:11,0,1,2
BRDA:16,1,0,2
BRDA:16,1,1,2
BRDA:17,2,0,1
BRDA:17,2,1,1
BRF:6
BRH:6
end_of_record
TN:
SF:src\utils\delete_image.util.js
FN:4,(anonymous_0)
FN:8,(anonymous_1)
FN:13,(anonymous_2)
FN:28,(anonymous_3)
FNF:4
FNH:0
FNDA:0,(anonymous_0)
FNDA:0,(anonymous_1)
FNDA:0,(anonymous_2)
FNDA:0,(anonymous_3)
DA:4,0
DA:5,0
DA:8,0
DA:9,0
DA:10,0
DA:13,0
DA:14,0
DA:15,0
DA:16,0
DA:17,0
DA:18,0
DA:19,0
DA:21,0
DA:29,0
LF:14
LH:0
BRF:0
BRH:0
end_of_record
